{"C:\\SmartCart\\SmartCart\\middleware\\authMiddleware.js": {"path":"C:\\SmartCart\\SmartCart\\middleware\\authMiddleware.js","statementMap":{"0":{"start":{"line":1,"column":12},"end":{"line":1,"column":35}},"1":{"start":{"line":4,"column":16},"end":{"line":23,"column":1}},"2":{"start":{"line":6,"column":2},"end":{"line":19,"column":3}},"3":{"start":{"line":7,"column":4},"end":{"line":18,"column":5}},"4":{"start":{"line":8,"column":6},"end":{"line":8,"column":54}},"5":{"start":{"line":9,"column":22},"end":{"line":9,"column":63}},"6":{"start":{"line":10,"column":6},"end":{"line":10,"column":25}},"7":{"start":{"line":11,"column":6},"end":{"line":11,"column":20}},"8":{"start":{"line":14,"column":6},"end":{"line":16,"column":7}},"9":{"start":{"line":15,"column":8},"end":{"line":15,"column":81}},"10":{"start":{"line":17,"column":6},"end":{"line":17,"column":67}},"11":{"start":{"line":20,"column":2},"end":{"line":22,"column":3}},"12":{"start":{"line":21,"column":4},"end":{"line":21,"column":79}},"13":{"start":{"line":26,"column":23},"end":{"line":35,"column":1}},"14":{"start":{"line":27,"column":2},"end":{"line":34,"column":4}},"15":{"start":{"line":28,"column":4},"end":{"line":32,"column":5}},"16":{"start":{"line":29,"column":6},"end":{"line":31,"column":9}},"17":{"start":{"line":33,"column":4},"end":{"line":33,"column":11}},"18":{"start":{"line":38,"column":27},"end":{"line":53,"column":1}},"19":{"start":{"line":39,"column":27},"end":{"line":39,"column":35}},"20":{"start":{"line":40,"column":2},"end":{"line":42,"column":3}},"21":{"start":{"line":41,"column":4},"end":{"line":41,"column":70}},"22":{"start":{"line":43,"column":2},"end":{"line":52,"column":3}},"23":{"start":{"line":44,"column":20},"end":{"line":44,"column":76}},"24":{"start":{"line":45,"column":4},"end":{"line":45,"column":23}},"25":{"start":{"line":46,"column":4},"end":{"line":46,"column":11}},"26":{"start":{"line":48,"column":4},"end":{"line":50,"column":5}},"27":{"start":{"line":49,"column":6},"end":{"line":49,"column":110}},"28":{"start":{"line":51,"column":4},"end":{"line":51,"column":73}},"29":{"start":{"line":55,"column":0},"end":{"line":55,"column":65}}},"fnMap":{"0":{"name":"(anonymous_0)","decl":{"start":{"line":4,"column":16},"end":{"line":4,"column":17}},"loc":{"start":{"line":4,"column":36},"end":{"line":23,"column":1}},"line":4},"1":{"name":"(anonymous_1)","decl":{"start":{"line":26,"column":23},"end":{"line":26,"column":24}},"loc":{"start":{"line":26,"column":37},"end":{"line":35,"column":1}},"line":26},"2":{"name":"(anonymous_2)","decl":{"start":{"line":27,"column":9},"end":{"line":27,"column":10}},"loc":{"start":{"line":27,"column":29},"end":{"line":34,"column":3}},"line":27},"3":{"name":"(anonymous_3)","decl":{"start":{"line":38,"column":27},"end":{"line":38,"column":28}},"loc":{"start":{"line":38,"column":47},"end":{"line":53,"column":1}},"line":38}},"branchMap":{"0":{"loc":{"start":{"line":6,"column":2},"end":{"line":19,"column":3}},"type":"if","locations":[{"start":{"line":6,"column":2},"end":{"line":19,"column":3}},{"start":{},"end":{}}],"line":6},"1":{"loc":{"start":{"line":14,"column":6},"end":{"line":16,"column":7}},"type":"if","locations":[{"start":{"line":14,"column":6},"end":{"line":16,"column":7}},{"start":{},"end":{}}],"line":14},"2":{"loc":{"start":{"line":20,"column":2},"end":{"line":22,"column":3}},"type":"if","locations":[{"start":{"line":20,"column":2},"end":{"line":22,"column":3}},{"start":{},"end":{}}],"line":20},"3":{"loc":{"start":{"line":28,"column":4},"end":{"line":32,"column":5}},"type":"if","locations":[{"start":{"line":28,"column":4},"end":{"line":32,"column":5}},{"start":{},"end":{}}],"line":28},"4":{"loc":{"start":{"line":28,"column":8},"end":{"line":28,"column":51}},"type":"binary-expr","locations":[{"start":{"line":28,"column":8},"end":{"line":28,"column":17}},{"start":{"line":28,"column":21},"end":{"line":28,"column":51}}],"line":28},"5":{"loc":{"start":{"line":40,"column":2},"end":{"line":42,"column":3}},"type":"if","locations":[{"start":{"line":40,"column":2},"end":{"line":42,"column":3}},{"start":{},"end":{}}],"line":40},"6":{"loc":{"start":{"line":48,"column":4},"end":{"line":50,"column":5}},"type":"if","locations":[{"start":{"line":48,"column":4},"end":{"line":50,"column":5}},{"start":{},"end":{}}],"line":48}},"s":{"0":2,"1":2,"2":29,"3":24,"4":24,"5":24,"6":22,"7":22,"8":2,"9":1,"10":1,"11":5,"12":5,"13":2,"14":10,"15":10,"16":4,"17":6,"18":2,"19":0,"20":0,"21":0,"22":0,"23":0,"24":0,"25":0,"26":0,"27":0,"28":0,"29":2},"f":{"0":29,"1":10,"2":10,"3":0},"b":{"0":[24,5],"1":[1,1],"2":[5,0],"3":[4,6],"4":[10,9],"5":[0,0],"6":[0,0]},"_coverageSchema":"1a1c01bbd47fc00a2c39e90264f33305004495a9","hash":"76fba19d7ee307d9bf0f8160072590c3bbf57e12"}
,"C:\\SmartCart\\SmartCart\\routes\\orderRoutes.js": {"path":"C:\\SmartCart\\SmartCart\\routes\\orderRoutes.js","statementMap":{"0":{"start":{"line":1,"column":18},"end":{"line":1,"column":36}},"1":{"start":{"line":2,"column":18},"end":{"line":2,"column":34}},"2":{"start":{"line":3,"column":18},"end":{"line":3,"column":32}},"3":{"start":{"line":4,"column":18},"end":{"line":4,"column":44}},"4":{"start":{"line":5,"column":18},"end":{"line":5,"column":48}},"5":{"start":{"line":6,"column":18},"end":{"line":6,"column":46}},"6":{"start":{"line":7,"column":18},"end":{"line":7,"column":43}},"7":{"start":{"line":8,"column":36},"end":{"line":8,"column":75}},"8":{"start":{"line":9,"column":21},"end":{"line":9,"column":54}},"9":{"start":{"line":12,"column":22},"end":{"line":12,"column":48}},"10":{"start":{"line":14,"column":20},"end":{"line":29,"column":2}},"11":{"start":{"line":31,"column":27},"end":{"line":35,"column":2}},"12":{"start":{"line":38,"column":26},"end":{"line":40,"column":1}},"13":{"start":{"line":39,"column":2},"end":{"line":39,"column":79}},"14":{"start":{"line":39,"column":8},"end":{"line":39,"column":64}},"15":{"start":{"line":39,"column":33},"end":{"line":39,"column":64}},"16":{"start":{"line":43,"column":0},"end":{"line":54,"column":3}},"17":{"start":{"line":44,"column":2},"end":{"line":53,"column":67}},"18":{"start":{"line":45,"column":19},"end":{"line":51,"column":6}},"19":{"start":{"line":52,"column":4},"end":{"line":52,"column":21}},"20":{"start":{"line":53,"column":18},"end":{"line":53,"column":65}},"21":{"start":{"line":57,"column":0},"end":{"line":66,"column":3}},"22":{"start":{"line":58,"column":2},"end":{"line":65,"column":67}},"23":{"start":{"line":59,"column":19},"end":{"line":63,"column":6}},"24":{"start":{"line":64,"column":4},"end":{"line":64,"column":21}},"25":{"start":{"line":65,"column":18},"end":{"line":65,"column":65}},"26":{"start":{"line":69,"column":0},"end":{"line":86,"column":3}},"27":{"start":{"line":70,"column":2},"end":{"line":85,"column":67}},"28":{"start":{"line":71,"column":18},"end":{"line":71,"column":77}},"29":{"start":{"line":72,"column":4},"end":{"line":72,"column":80}},"30":{"start":{"line":72,"column":16},"end":{"line":72,"column":80}},"31":{"start":{"line":73,"column":4},"end":{"line":73,"column":96}},"32":{"start":{"line":73,"column":39},"end":{"line":73,"column":96}},"33":{"start":{"line":74,"column":4},"end":{"line":75,"column":98}},"34":{"start":{"line":75,"column":6},"end":{"line":75,"column":98}},"35":{"start":{"line":77,"column":4},"end":{"line":79,"column":5}},"36":{"start":{"line":78,"column":6},"end":{"line":78,"column":94}},"37":{"start":{"line":81,"column":4},"end":{"line":81,"column":48}},"38":{"start":{"line":82,"column":4},"end":{"line":82,"column":24}},"39":{"start":{"line":83,"column":4},"end":{"line":83,"column":125}},"40":{"start":{"line":84,"column":4},"end":{"line":84,"column":56}},"41":{"start":{"line":85,"column":18},"end":{"line":85,"column":65}},"42":{"start":{"line":89,"column":0},"end":{"line":105,"column":3}},"43":{"start":{"line":90,"column":2},"end":{"line":104,"column":67}},"44":{"start":{"line":91,"column":18},"end":{"line":91,"column":53}},"45":{"start":{"line":92,"column":4},"end":{"line":92,"column":80}},"46":{"start":{"line":92,"column":16},"end":{"line":92,"column":80}},"47":{"start":{"line":93,"column":4},"end":{"line":93,"column":96}},"48":{"start":{"line":93,"column":39},"end":{"line":93,"column":96}},"49":{"start":{"line":94,"column":4},"end":{"line":95,"column":95}},"50":{"start":{"line":95,"column":6},"end":{"line":95,"column":95}},"51":{"start":{"line":97,"column":29},"end":{"line":97,"column":37}},"52":{"start":{"line":98,"column":4},"end":{"line":98,"column":90}},"53":{"start":{"line":98,"column":17},"end":{"line":98,"column":90}},"54":{"start":{"line":100,"column":22},"end":{"line":100,"column":88}},"55":{"start":{"line":101,"column":4},"end":{"line":101,"column":70}},"56":{"start":{"line":102,"column":4},"end":{"line":102,"column":132}},"57":{"start":{"line":103,"column":4},"end":{"line":103,"column":56}},"58":{"start":{"line":104,"column":18},"end":{"line":104,"column":65}},"59":{"start":{"line":108,"column":0},"end":{"line":123,"column":3}},"60":{"start":{"line":109,"column":2},"end":{"line":122,"column":67}},"61":{"start":{"line":110,"column":18},"end":{"line":110,"column":53}},"62":{"start":{"line":111,"column":4},"end":{"line":111,"column":80}},"63":{"start":{"line":111,"column":16},"end":{"line":111,"column":80}},"64":{"start":{"line":112,"column":4},"end":{"line":112,"column":96}},"65":{"start":{"line":112,"column":39},"end":{"line":112,"column":96}},"66":{"start":{"line":113,"column":4},"end":{"line":114,"column":93}},"67":{"start":{"line":114,"column":6},"end":{"line":114,"column":93}},"68":{"start":{"line":116,"column":21},"end":{"line":116,"column":29}},"69":{"start":{"line":117,"column":4},"end":{"line":117,"column":110}},"70":{"start":{"line":117,"column":23},"end":{"line":117,"column":110}},"71":{"start":{"line":119,"column":4},"end":{"line":119,"column":84}},"72":{"start":{"line":120,"column":4},"end":{"line":120,"column":128}},"73":{"start":{"line":121,"column":4},"end":{"line":121,"column":56}},"74":{"start":{"line":122,"column":18},"end":{"line":122,"column":65}},"75":{"start":{"line":126,"column":0},"end":{"line":134,"column":3}},"76":{"start":{"line":127,"column":2},"end":{"line":133,"column":67}},"77":{"start":{"line":128,"column":18},"end":{"line":128,"column":77}},"78":{"start":{"line":129,"column":4},"end":{"line":129,"column":78}},"79":{"start":{"line":129,"column":16},"end":{"line":129,"column":78}},"80":{"start":{"line":130,"column":4},"end":{"line":131,"column":63}},"81":{"start":{"line":131,"column":6},"end":{"line":131,"column":63}},"82":{"start":{"line":132,"column":4},"end":{"line":132,"column":20}},"83":{"start":{"line":133,"column":18},"end":{"line":133,"column":65}},"84":{"start":{"line":137,"column":0},"end":{"line":188,"column":3}},"85":{"start":{"line":138,"column":20},"end":{"line":138,"column":50}},"86":{"start":{"line":139,"column":2},"end":{"line":139,"column":80}},"87":{"start":{"line":139,"column":13},"end":{"line":139,"column":80}},"88":{"start":{"line":141,"column":2},"end":{"line":187,"column":3}},"89":{"start":{"line":142,"column":51},"end":{"line":142,"column":59}},"90":{"start":{"line":145,"column":4},"end":{"line":153,"column":5}},"91":{"start":{"line":146,"column":22},"end":{"line":146,"column":61}},"92":{"start":{"line":147,"column":6},"end":{"line":148,"column":93}},"93":{"start":{"line":148,"column":8},"end":{"line":148,"column":93}},"94":{"start":{"line":149,"column":6},"end":{"line":152,"column":11}},"95":{"start":{"line":150,"column":8},"end":{"line":152,"column":11}},"96":{"start":{"line":156,"column":18},"end":{"line":161,"column":6}},"97":{"start":{"line":164,"column":4},"end":{"line":172,"column":5}},"98":{"start":{"line":165,"column":6},"end":{"line":170,"column":9}},"99":{"start":{"line":171,"column":6},"end":{"line":171,"column":94}},"100":{"start":{"line":175,"column":4},"end":{"line":175,"column":24}},"101":{"start":{"line":177,"column":4},"end":{"line":181,"column":7}},"102":{"start":{"line":183,"column":4},"end":{"line":183,"column":78}},"103":{"start":{"line":185,"column":4},"end":{"line":185,"column":49}},"104":{"start":{"line":186,"column":4},"end":{"line":186,"column":51}},"105":{"start":{"line":191,"column":0},"end":{"line":213,"column":3}},"106":{"start":{"line":192,"column":20},"end":{"line":192,"column":57}},"107":{"start":{"line":193,"column":2},"end":{"line":193,"column":80}},"108":{"start":{"line":193,"column":13},"end":{"line":193,"column":80}},"109":{"start":{"line":194,"column":2},"end":{"line":212,"column":67}},"110":{"start":{"line":195,"column":18},"end":{"line":195,"column":77}},"111":{"start":{"line":196,"column":4},"end":{"line":196,"column":78}},"112":{"start":{"line":196,"column":16},"end":{"line":196,"column":78}},"113":{"start":{"line":198,"column":22},"end":{"line":198,"column":34}},"114":{"start":{"line":199,"column":22},"end":{"line":199,"column":37}},"115":{"start":{"line":202,"column":4},"end":{"line":207,"column":5}},"116":{"start":{"line":203,"column":6},"end":{"line":205,"column":7}},"117":{"start":{"line":204,"column":8},"end":{"line":204,"column":96}},"118":{"start":{"line":206,"column":6},"end":{"line":206,"column":26}},"119":{"start":{"line":209,"column":4},"end":{"line":209,"column":46}},"120":{"start":{"line":210,"column":4},"end":{"line":210,"column":113}},"121":{"start":{"line":211,"column":4},"end":{"line":211,"column":58}},"122":{"start":{"line":212,"column":18},"end":{"line":212,"column":65}},"123":{"start":{"line":216,"column":0},"end":{"line":232,"column":3}},"124":{"start":{"line":217,"column":2},"end":{"line":231,"column":67}},"125":{"start":{"line":218,"column":18},"end":{"line":218,"column":77}},"126":{"start":{"line":219,"column":4},"end":{"line":219,"column":78}},"127":{"start":{"line":219,"column":16},"end":{"line":219,"column":78}},"128":{"start":{"line":221,"column":4},"end":{"line":226,"column":5}},"129":{"start":{"line":222,"column":6},"end":{"line":224,"column":7}},"130":{"start":{"line":223,"column":8},"end":{"line":223,"column":96}},"131":{"start":{"line":225,"column":6},"end":{"line":225,"column":26}},"132":{"start":{"line":228,"column":4},"end":{"line":228,"column":63}},"133":{"start":{"line":229,"column":4},"end":{"line":229,"column":26}},"134":{"start":{"line":230,"column":4},"end":{"line":230,"column":45}},"135":{"start":{"line":231,"column":18},"end":{"line":231,"column":65}},"136":{"start":{"line":234,"column":0},"end":{"line":234,"column":24}}},"fnMap":{"0":{"name":"(anonymous_0)","decl":{"start":{"line":38,"column":26},"end":{"line":38,"column":27}},"loc":{"start":{"line":38,"column":32},"end":{"line":40,"column":1}},"line":38},"1":{"name":"(anonymous_1)","decl":{"start":{"line":43,"column":50},"end":{"line":43,"column":51}},"loc":{"start":{"line":43,"column":70},"end":{"line":54,"column":1}},"line":43},"2":{"name":"(anonymous_2)","decl":{"start":{"line":57,"column":27},"end":{"line":57,"column":28}},"loc":{"start":{"line":57,"column":47},"end":{"line":66,"column":1}},"line":57},"3":{"name":"(anonymous_3)","decl":{"start":{"line":69,"column":37},"end":{"line":69,"column":38}},"loc":{"start":{"line":69,"column":57},"end":{"line":86,"column":1}},"line":69},"4":{"name":"(anonymous_4)","decl":{"start":{"line":89,"column":39},"end":{"line":89,"column":40}},"loc":{"start":{"line":89,"column":59},"end":{"line":105,"column":1}},"line":89},"5":{"name":"(anonymous_5)","decl":{"start":{"line":108,"column":37},"end":{"line":108,"column":38}},"loc":{"start":{"line":108,"column":57},"end":{"line":123,"column":1}},"line":108},"6":{"name":"(anonymous_6)","decl":{"start":{"line":126,"column":28},"end":{"line":126,"column":29}},"loc":{"start":{"line":126,"column":48},"end":{"line":134,"column":1}},"line":126},"7":{"name":"(anonymous_7)","decl":{"start":{"line":137,"column":26},"end":{"line":137,"column":27}},"loc":{"start":{"line":137,"column":46},"end":{"line":188,"column":1}},"line":137},"8":{"name":"(anonymous_8)","decl":{"start":{"line":191,"column":53},"end":{"line":191,"column":54}},"loc":{"start":{"line":191,"column":73},"end":{"line":213,"column":1}},"line":191},"9":{"name":"(anonymous_9)","decl":{"start":{"line":216,"column":56},"end":{"line":216,"column":57}},"loc":{"start":{"line":216,"column":76},"end":{"line":232,"column":1}},"line":216}},"branchMap":{"0":{"loc":{"start":{"line":39,"column":8},"end":{"line":39,"column":64}},"type":"if","locations":[{"start":{"line":39,"column":8},"end":{"line":39,"column":64}},{"start":{},"end":{}}],"line":39},"1":{"loc":{"start":{"line":72,"column":4},"end":{"line":72,"column":80}},"type":"if","locations":[{"start":{"line":72,"column":4},"end":{"line":72,"column":80}},{"start":{},"end":{}}],"line":72},"2":{"loc":{"start":{"line":73,"column":4},"end":{"line":73,"column":96}},"type":"if","locations":[{"start":{"line":73,"column":4},"end":{"line":73,"column":96}},{"start":{},"end":{}}],"line":73},"3":{"loc":{"start":{"line":74,"column":4},"end":{"line":75,"column":98}},"type":"if","locations":[{"start":{"line":74,"column":4},"end":{"line":75,"column":98}},{"start":{},"end":{}}],"line":74},"4":{"loc":{"start":{"line":77,"column":23},"end":{"line":77,"column":45}},"type":"binary-expr","locations":[{"start":{"line":77,"column":23},"end":{"line":77,"column":39}},{"start":{"line":77,"column":43},"end":{"line":77,"column":45}}],"line":77},"5":{"loc":{"start":{"line":92,"column":4},"end":{"line":92,"column":80}},"type":"if","locations":[{"start":{"line":92,"column":4},"end":{"line":92,"column":80}},{"start":{},"end":{}}],"line":92},"6":{"loc":{"start":{"line":93,"column":4},"end":{"line":93,"column":96}},"type":"if","locations":[{"start":{"line":93,"column":4},"end":{"line":93,"column":96}},{"start":{},"end":{}}],"line":93},"7":{"loc":{"start":{"line":94,"column":4},"end":{"line":95,"column":95}},"type":"if","locations":[{"start":{"line":94,"column":4},"end":{"line":95,"column":95}},{"start":{},"end":{}}],"line":94},"8":{"loc":{"start":{"line":98,"column":4},"end":{"line":98,"column":90}},"type":"if","locations":[{"start":{"line":98,"column":4},"end":{"line":98,"column":90}},{"start":{},"end":{}}],"line":98},"9":{"loc":{"start":{"line":100,"column":54},"end":{"line":100,"column":86}},"type":"cond-expr","locations":[{"start":{"line":100,"column":61},"end":{"line":100,"column":81}},{"start":{"line":100,"column":84},"end":{"line":100,"column":86}}],"line":100},"10":{"loc":{"start":{"line":111,"column":4},"end":{"line":111,"column":80}},"type":"if","locations":[{"start":{"line":111,"column":4},"end":{"line":111,"column":80}},{"start":{},"end":{}}],"line":111},"11":{"loc":{"start":{"line":112,"column":4},"end":{"line":112,"column":96}},"type":"if","locations":[{"start":{"line":112,"column":4},"end":{"line":112,"column":96}},{"start":{},"end":{}}],"line":112},"12":{"loc":{"start":{"line":113,"column":4},"end":{"line":114,"column":93}},"type":"if","locations":[{"start":{"line":113,"column":4},"end":{"line":114,"column":93}},{"start":{},"end":{}}],"line":113},"13":{"loc":{"start":{"line":117,"column":4},"end":{"line":117,"column":110}},"type":"if","locations":[{"start":{"line":117,"column":4},"end":{"line":117,"column":110}},{"start":{},"end":{}}],"line":117},"14":{"loc":{"start":{"line":129,"column":4},"end":{"line":129,"column":78}},"type":"if","locations":[{"start":{"line":129,"column":4},"end":{"line":129,"column":78}},{"start":{},"end":{}}],"line":129},"15":{"loc":{"start":{"line":130,"column":4},"end":{"line":131,"column":63}},"type":"if","locations":[{"start":{"line":130,"column":4},"end":{"line":131,"column":63}},{"start":{},"end":{}}],"line":130},"16":{"loc":{"start":{"line":130,"column":8},"end":{"line":130,"column":66}},"type":"binary-expr","locations":[{"start":{"line":130,"column":8},"end":{"line":130,"column":33}},{"start":{"line":130,"column":37},"end":{"line":130,"column":66}}],"line":130},"17":{"loc":{"start":{"line":139,"column":2},"end":{"line":139,"column":80}},"type":"if","locations":[{"start":{"line":139,"column":2},"end":{"line":139,"column":80}},{"start":{},"end":{}}],"line":139},"18":{"loc":{"start":{"line":147,"column":6},"end":{"line":148,"column":93}},"type":"if","locations":[{"start":{"line":147,"column":6},"end":{"line":148,"column":93}},{"start":{},"end":{}}],"line":147},"19":{"loc":{"start":{"line":149,"column":6},"end":{"line":152,"column":11}},"type":"if","locations":[{"start":{"line":149,"column":6},"end":{"line":152,"column":11}},{"start":{},"end":{}}],"line":149},"20":{"loc":{"start":{"line":160,"column":22},"end":{"line":160,"column":46}},"type":"binary-expr","locations":[{"start":{"line":160,"column":22},"end":{"line":160,"column":36}},{"start":{"line":160,"column":40},"end":{"line":160,"column":46}}],"line":160},"21":{"loc":{"start":{"line":193,"column":2},"end":{"line":193,"column":80}},"type":"if","locations":[{"start":{"line":193,"column":2},"end":{"line":193,"column":80}},{"start":{},"end":{}}],"line":193},"22":{"loc":{"start":{"line":196,"column":4},"end":{"line":196,"column":78}},"type":"if","locations":[{"start":{"line":196,"column":4},"end":{"line":196,"column":78}},{"start":{},"end":{}}],"line":196},"23":{"loc":{"start":{"line":202,"column":4},"end":{"line":207,"column":5}},"type":"if","locations":[{"start":{"line":202,"column":4},"end":{"line":207,"column":5}},{"start":{},"end":{}}],"line":202},"24":{"loc":{"start":{"line":202,"column":8},"end":{"line":202,"column":71}},"type":"binary-expr","locations":[{"start":{"line":202,"column":8},"end":{"line":202,"column":33}},{"start":{"line":202,"column":37},"end":{"line":202,"column":71}}],"line":202},"25":{"loc":{"start":{"line":203,"column":25},"end":{"line":203,"column":47}},"type":"binary-expr","locations":[{"start":{"line":203,"column":25},"end":{"line":203,"column":41}},{"start":{"line":203,"column":45},"end":{"line":203,"column":47}}],"line":203},"26":{"loc":{"start":{"line":219,"column":4},"end":{"line":219,"column":78}},"type":"if","locations":[{"start":{"line":219,"column":4},"end":{"line":219,"column":78}},{"start":{},"end":{}}],"line":219},"27":{"loc":{"start":{"line":221,"column":4},"end":{"line":226,"column":5}},"type":"if","locations":[{"start":{"line":221,"column":4},"end":{"line":226,"column":5}},{"start":{},"end":{}}],"line":221},"28":{"loc":{"start":{"line":222,"column":25},"end":{"line":222,"column":47}},"type":"binary-expr","locations":[{"start":{"line":222,"column":25},"end":{"line":222,"column":41}},{"start":{"line":222,"column":45},"end":{"line":222,"column":47}}],"line":222}},"s":{"0":1,"1":1,"2":1,"3":1,"4":1,"5":1,"6":1,"7":1,"8":1,"9":1,"10":1,"11":1,"12":1,"13":5,"14":5,"15":0,"16":1,"17":1,"18":1,"19":1,"20":0,"21":1,"22":2,"23":2,"24":2,"25":0,"26":1,"27":5,"28":5,"29":5,"30":1,"31":4,"32":1,"33":3,"34":1,"35":2,"36":0,"37":2,"38":2,"39":2,"40":2,"41":0,"42":1,"43":0,"44":0,"45":0,"46":0,"47":0,"48":0,"49":0,"50":0,"51":0,"52":0,"53":0,"54":0,"55":0,"56":0,"57":0,"58":0,"59":1,"60":0,"61":0,"62":0,"63":0,"64":0,"65":0,"66":0,"67":0,"68":0,"69":0,"70":0,"71":0,"72":0,"73":0,"74":0,"75":1,"76":0,"77":0,"78":0,"79":0,"80":0,"81":0,"82":0,"83":0,"84":1,"85":8,"86":8,"87":3,"88":5,"89":5,"90":5,"91":5,"92":5,"93":1,"94":4,"95":1,"96":3,"97":3,"98":3,"99":3,"100":3,"101":3,"102":3,"103":0,"104":0,"105":1,"106":3,"107":3,"108":1,"109":2,"110":2,"111":2,"112":0,"113":2,"114":2,"115":2,"116":0,"117":0,"118":0,"119":2,"120":2,"121":2,"122":0,"123":1,"124":0,"125":0,"126":0,"127":0,"128":0,"129":0,"130":0,"131":0,"132":0,"133":0,"134":0,"135":0,"136":1},"f":{"0":5,"1":1,"2":2,"3":5,"4":0,"5":0,"6":0,"7":8,"8":3,"9":0},"b":{"0":[0,5],"1":[1,4],"2":[1,3],"3":[1,2],"4":[2,0],"5":[0,0],"6":[0,0],"7":[0,0],"8":[0,0],"9":[0,0],"10":[0,0],"11":[0,0],"12":[0,0],"13":[0,0],"14":[0,0],"15":[0,0],"16":[0,0],"17":[3,5],"18":[1,4],"19":[1,3],"20":[3,0],"21":[1,2],"22":[0,2],"23":[0,2],"24":[2,0],"25":[0,0],"26":[0,0],"27":[0,0],"28":[0,0]},"_coverageSchema":"1a1c01bbd47fc00a2c39e90264f33305004495a9","hash":"80668521c8e1897ff5beedb58b87c0f643c82921"}
,"C:\\SmartCart\\SmartCart\\services\\ProductOrderService.js": {"path":"C:\\SmartCart\\SmartCart\\services\\ProductOrderService.js","statementMap":{"0":{"start":{"line":4,"column":20},"end":{"line":4,"column":64}},"1":{"start":{"line":5,"column":13},"end":{"line":5,"column":28}},"2":{"start":{"line":6,"column":13},"end":{"line":6,"column":26}},"3":{"start":{"line":12,"column":4},"end":{"line":12,"column":40}},"4":{"start":{"line":17,"column":20},"end":{"line":17,"column":50}},"5":{"start":{"line":18,"column":4},"end":{"line":18,"column":58}},"6":{"start":{"line":18,"column":18},"end":{"line":18,"column":58}},"7":{"start":{"line":19,"column":4},"end":{"line":19,"column":19}},"8":{"start":{"line":24,"column":22},"end":{"line":26,"column":12}},"9":{"start":{"line":27,"column":4},"end":{"line":27,"column":54}},"10":{"start":{"line":32,"column":20},"end":{"line":32,"column":50}},"11":{"start":{"line":33,"column":4},"end":{"line":33,"column":58}},"12":{"start":{"line":33,"column":18},"end":{"line":33,"column":58}},"13":{"start":{"line":35,"column":23},"end":{"line":35,"column":34}},"14":{"start":{"line":37,"column":4},"end":{"line":44,"column":5}},"15":{"start":{"line":39,"column":6},"end":{"line":42,"column":7}},"16":{"start":{"line":40,"column":24},"end":{"line":40,"column":87}},"17":{"start":{"line":41,"column":8},"end":{"line":41,"column":59}},"18":{"start":{"line":41,"column":36},"end":{"line":41,"column":59}},"19":{"start":{"line":43,"column":6},"end":{"line":43,"column":87}},"20":{"start":{"line":46,"column":4},"end":{"line":46,"column":46}},"21":{"start":{"line":51,"column":20},"end":{"line":51,"column":50}},"22":{"start":{"line":52,"column":4},"end":{"line":52,"column":58}},"23":{"start":{"line":52,"column":18},"end":{"line":52,"column":58}},"24":{"start":{"line":54,"column":4},"end":{"line":57,"column":5}},"25":{"start":{"line":55,"column":22},"end":{"line":55,"column":85}},"26":{"start":{"line":56,"column":6},"end":{"line":56,"column":57}},"27":{"start":{"line":56,"column":34},"end":{"line":56,"column":57}},"28":{"start":{"line":59,"column":4},"end":{"line":59,"column":34}},"29":{"start":{"line":64,"column":4},"end":{"line":70,"column":5}},"30":{"start":{"line":65,"column":22},"end":{"line":65,"column":65}},"31":{"start":{"line":66,"column":6},"end":{"line":66,"column":80}},"32":{"start":{"line":66,"column":20},"end":{"line":66,"column":80}},"33":{"start":{"line":67,"column":6},"end":{"line":69,"column":7}},"34":{"start":{"line":68,"column":8},"end":{"line":68,"column":109}},"35":{"start":{"line":71,"column":4},"end":{"line":71,"column":16}},"36":{"start":{"line":76,"column":4},"end":{"line":78,"column":5}},"37":{"start":{"line":77,"column":6},"end":{"line":77,"column":71}},"38":{"start":{"line":83,"column":4},"end":{"line":85,"column":5}},"39":{"start":{"line":84,"column":6},"end":{"line":84,"column":90}},"40":{"start":{"line":90,"column":4},"end":{"line":90,"column":41}},"41":{"start":{"line":97,"column":20},"end":{"line":97,"column":62}},"42":{"start":{"line":98,"column":21},"end":{"line":98,"column":46}},"43":{"start":{"line":99,"column":20},"end":{"line":99,"column":45}},"44":{"start":{"line":105,"column":4},"end":{"line":105,"column":38}},"45":{"start":{"line":110,"column":4},"end":{"line":110,"column":49}},"46":{"start":{"line":115,"column":18},"end":{"line":115,"column":46}},"47":{"start":{"line":116,"column":4},"end":{"line":116,"column":53}},"48":{"start":{"line":116,"column":16},"end":{"line":116,"column":53}},"49":{"start":{"line":119,"column":4},"end":{"line":121,"column":5}},"50":{"start":{"line":120,"column":6},"end":{"line":120,"column":38}},"51":{"start":{"line":122,"column":4},"end":{"line":122,"column":17}},"52":{"start":{"line":128,"column":27},"end":{"line":128,"column":47}},"53":{"start":{"line":129,"column":4},"end":{"line":129,"column":46}},"54":{"start":{"line":132,"column":18},"end":{"line":132,"column":79}},"55":{"start":{"line":135,"column":4},"end":{"line":135,"column":46}},"56":{"start":{"line":138,"column":4},"end":{"line":138,"column":47}},"57":{"start":{"line":141,"column":4},"end":{"line":153,"column":70}},"58":{"start":{"line":142,"column":19},"end":{"line":142,"column":46}},"59":{"start":{"line":143,"column":6},"end":{"line":152,"column":7}},"60":{"start":{"line":144,"column":8},"end":{"line":151,"column":11}},"61":{"start":{"line":153,"column":18},"end":{"line":153,"column":68}},"62":{"start":{"line":155,"column":4},"end":{"line":155,"column":17}},"63":{"start":{"line":160,"column":18},"end":{"line":160,"column":46}},"64":{"start":{"line":161,"column":4},"end":{"line":161,"column":53}},"65":{"start":{"line":161,"column":16},"end":{"line":161,"column":53}},"66":{"start":{"line":163,"column":22},"end":{"line":163,"column":34}},"67":{"start":{"line":166,"column":4},"end":{"line":169,"column":5}},"68":{"start":{"line":167,"column":29},"end":{"line":167,"column":49}},"69":{"start":{"line":168,"column":6},"end":{"line":168,"column":66}},"70":{"start":{"line":171,"column":4},"end":{"line":171,"column":49}},"71":{"start":{"line":176,"column":18},"end":{"line":176,"column":51}},"72":{"start":{"line":177,"column":4},"end":{"line":177,"column":55}},"73":{"start":{"line":177,"column":16},"end":{"line":177,"column":55}},"74":{"start":{"line":178,"column":4},"end":{"line":178,"column":66}},"75":{"start":{"line":178,"column":34},"end":{"line":178,"column":66}},"76":{"start":{"line":179,"column":4},"end":{"line":181,"column":5}},"77":{"start":{"line":180,"column":6},"end":{"line":180,"column":73}},"78":{"start":{"line":184,"column":27},"end":{"line":184,"column":47}},"79":{"start":{"line":185,"column":4},"end":{"line":185,"column":64}},"80":{"start":{"line":187,"column":4},"end":{"line":187,"column":56}},"81":{"start":{"line":192,"column":18},"end":{"line":192,"column":51}},"82":{"start":{"line":193,"column":4},"end":{"line":193,"column":55}},"83":{"start":{"line":193,"column":16},"end":{"line":193,"column":55}},"84":{"start":{"line":194,"column":4},"end":{"line":194,"column":66}},"85":{"start":{"line":194,"column":34},"end":{"line":194,"column":66}},"86":{"start":{"line":195,"column":4},"end":{"line":195,"column":65}},"87":{"start":{"line":195,"column":17},"end":{"line":195,"column":65}},"88":{"start":{"line":197,"column":22},"end":{"line":197,"column":88}},"89":{"start":{"line":198,"column":4},"end":{"line":198,"column":66}},"90":{"start":{"line":203,"column":18},"end":{"line":203,"column":51}},"91":{"start":{"line":204,"column":4},"end":{"line":204,"column":55}},"92":{"start":{"line":204,"column":16},"end":{"line":204,"column":55}},"93":{"start":{"line":205,"column":4},"end":{"line":205,"column":66}},"94":{"start":{"line":205,"column":34},"end":{"line":205,"column":66}},"95":{"start":{"line":206,"column":4},"end":{"line":206,"column":85}},"96":{"start":{"line":206,"column":23},"end":{"line":206,"column":85}},"97":{"start":{"line":208,"column":4},"end":{"line":208,"column":80}},"98":{"start":{"line":213,"column":18},"end":{"line":213,"column":46}},"99":{"start":{"line":214,"column":4},"end":{"line":214,"column":53}},"100":{"start":{"line":214,"column":16},"end":{"line":214,"column":53}},"101":{"start":{"line":217,"column":4},"end":{"line":220,"column":5}},"102":{"start":{"line":218,"column":29},"end":{"line":218,"column":49}},"103":{"start":{"line":219,"column":6},"end":{"line":219,"column":66}},"104":{"start":{"line":222,"column":4},"end":{"line":222,"column":32}},"105":{"start":{"line":226,"column":0},"end":{"line":229,"column":2}}},"fnMap":{"0":{"name":"(anonymous_0)","decl":{"start":{"line":11,"column":2},"end":{"line":11,"column":3}},"loc":{"start":{"line":11,"column":24},"end":{"line":13,"column":3}},"line":11},"1":{"name":"(anonymous_1)","decl":{"start":{"line":16,"column":2},"end":{"line":16,"column":3}},"loc":{"start":{"line":16,"column":20},"end":{"line":20,"column":3}},"line":16},"2":{"name":"(anonymous_2)","decl":{"start":{"line":23,"column":2},"end":{"line":23,"column":3}},"loc":{"start":{"line":23,"column":43},"end":{"line":28,"column":3}},"line":23},"3":{"name":"(anonymous_3)","decl":{"start":{"line":31,"column":2},"end":{"line":31,"column":3}},"loc":{"start":{"line":31,"column":47},"end":{"line":47,"column":3}},"line":31},"4":{"name":"(anonymous_4)","decl":{"start":{"line":50,"column":2},"end":{"line":50,"column":3}},"loc":{"start":{"line":50,"column":19},"end":{"line":60,"column":3}},"line":50},"5":{"name":"(anonymous_5)","decl":{"start":{"line":63,"column":2},"end":{"line":63,"column":3}},"loc":{"start":{"line":63,"column":29},"end":{"line":72,"column":3}},"line":63},"6":{"name":"(anonymous_6)","decl":{"start":{"line":75,"column":2},"end":{"line":75,"column":3}},"loc":{"start":{"line":75,"column":30},"end":{"line":79,"column":3}},"line":75},"7":{"name":"(anonymous_7)","decl":{"start":{"line":82,"column":2},"end":{"line":82,"column":3}},"loc":{"start":{"line":82,"column":30},"end":{"line":86,"column":3}},"line":82},"8":{"name":"(anonymous_8)","decl":{"start":{"line":89,"column":2},"end":{"line":89,"column":3}},"loc":{"start":{"line":89,"column":30},"end":{"line":91,"column":3}},"line":89},"9":{"name":"(anonymous_9)","decl":{"start":{"line":104,"column":2},"end":{"line":104,"column":3}},"loc":{"start":{"line":104,"column":24},"end":{"line":106,"column":3}},"line":104},"10":{"name":"(anonymous_10)","decl":{"start":{"line":109,"column":2},"end":{"line":109,"column":3}},"loc":{"start":{"line":109,"column":37},"end":{"line":111,"column":3}},"line":109},"11":{"name":"(anonymous_11)","decl":{"start":{"line":114,"column":2},"end":{"line":114,"column":3}},"loc":{"start":{"line":114,"column":36},"end":{"line":123,"column":3}},"line":114},"12":{"name":"(anonymous_12)","decl":{"start":{"line":126,"column":2},"end":{"line":126,"column":3}},"loc":{"start":{"line":126,"column":65},"end":{"line":156,"column":3}},"line":126},"13":{"name":"(anonymous_13)","decl":{"start":{"line":159,"column":2},"end":{"line":159,"column":3}},"loc":{"start":{"line":159,"column":36},"end":{"line":172,"column":3}},"line":159},"14":{"name":"(anonymous_14)","decl":{"start":{"line":175,"column":2},"end":{"line":175,"column":3}},"loc":{"start":{"line":175,"column":32},"end":{"line":188,"column":3}},"line":175},"15":{"name":"(anonymous_15)","decl":{"start":{"line":191,"column":2},"end":{"line":191,"column":3}},"loc":{"start":{"line":191,"column":59},"end":{"line":199,"column":3}},"line":191},"16":{"name":"(anonymous_16)","decl":{"start":{"line":202,"column":2},"end":{"line":202,"column":3}},"loc":{"start":{"line":202,"column":49},"end":{"line":209,"column":3}},"line":202},"17":{"name":"(anonymous_17)","decl":{"start":{"line":212,"column":2},"end":{"line":212,"column":3}},"loc":{"start":{"line":212,"column":19},"end":{"line":223,"column":3}},"line":212}},"branchMap":{"0":{"loc":{"start":{"line":18,"column":4},"end":{"line":18,"column":58}},"type":"if","locations":[{"start":{"line":18,"column":4},"end":{"line":18,"column":58}},{"start":{},"end":{}}],"line":18},"1":{"loc":{"start":{"line":24,"column":22},"end":{"line":26,"column":12}},"type":"cond-expr","locations":[{"start":{"line":25,"column":8},"end":{"line":25,"column":65}},{"start":{"line":26,"column":8},"end":{"line":26,"column":12}}],"line":24},"2":{"loc":{"start":{"line":33,"column":4},"end":{"line":33,"column":58}},"type":"if","locations":[{"start":{"line":33,"column":4},"end":{"line":33,"column":58}},{"start":{},"end":{}}],"line":33},"3":{"loc":{"start":{"line":37,"column":4},"end":{"line":44,"column":5}},"type":"if","locations":[{"start":{"line":37,"column":4},"end":{"line":44,"column":5}},{"start":{},"end":{}}],"line":37},"4":{"loc":{"start":{"line":39,"column":6},"end":{"line":42,"column":7}},"type":"if","locations":[{"start":{"line":39,"column":6},"end":{"line":42,"column":7}},{"start":{},"end":{}}],"line":39},"5":{"loc":{"start":{"line":41,"column":8},"end":{"line":41,"column":59}},"type":"if","locations":[{"start":{"line":41,"column":8},"end":{"line":41,"column":59}},{"start":{},"end":{}}],"line":41},"6":{"loc":{"start":{"line":52,"column":4},"end":{"line":52,"column":58}},"type":"if","locations":[{"start":{"line":52,"column":4},"end":{"line":52,"column":58}},{"start":{},"end":{}}],"line":52},"7":{"loc":{"start":{"line":54,"column":4},"end":{"line":57,"column":5}},"type":"if","locations":[{"start":{"line":54,"column":4},"end":{"line":57,"column":5}},{"start":{},"end":{}}],"line":54},"8":{"loc":{"start":{"line":56,"column":6},"end":{"line":56,"column":57}},"type":"if","locations":[{"start":{"line":56,"column":6},"end":{"line":56,"column":57}},{"start":{},"end":{}}],"line":56},"9":{"loc":{"start":{"line":66,"column":6},"end":{"line":66,"column":80}},"type":"if","locations":[{"start":{"line":66,"column":6},"end":{"line":66,"column":80}},{"start":{},"end":{}}],"line":66},"10":{"loc":{"start":{"line":67,"column":6},"end":{"line":69,"column":7}},"type":"if","locations":[{"start":{"line":67,"column":6},"end":{"line":69,"column":7}},{"start":{},"end":{}}],"line":67},"11":{"loc":{"start":{"line":84,"column":39},"end":{"line":84,"column":73}},"type":"binary-expr","locations":[{"start":{"line":84,"column":39},"end":{"line":84,"column":54}},{"start":{"line":84,"column":58},"end":{"line":84,"column":73}}],"line":84},"12":{"loc":{"start":{"line":89,"column":19},"end":{"line":89,"column":28}},"type":"default-arg","locations":[{"start":{"line":89,"column":27},"end":{"line":89,"column":28}}],"line":89},"13":{"loc":{"start":{"line":116,"column":4},"end":{"line":116,"column":53}},"type":"if","locations":[{"start":{"line":116,"column":4},"end":{"line":116,"column":53}},{"start":{},"end":{}}],"line":116},"14":{"loc":{"start":{"line":119,"column":4},"end":{"line":121,"column":5}},"type":"if","locations":[{"start":{"line":119,"column":4},"end":{"line":121,"column":5}},{"start":{},"end":{}}],"line":119},"15":{"loc":{"start":{"line":119,"column":8},"end":{"line":119,"column":78}},"type":"binary-expr","locations":[{"start":{"line":119,"column":8},"end":{"line":119,"column":39}},{"start":{"line":119,"column":43},"end":{"line":119,"column":78}}],"line":119},"16":{"loc":{"start":{"line":143,"column":6},"end":{"line":152,"column":7}},"type":"if","locations":[{"start":{"line":143,"column":6},"end":{"line":152,"column":7}},{"start":{},"end":{}}],"line":143},"17":{"loc":{"start":{"line":161,"column":4},"end":{"line":161,"column":53}},"type":"if","locations":[{"start":{"line":161,"column":4},"end":{"line":161,"column":53}},{"start":{},"end":{}}],"line":161},"18":{"loc":{"start":{"line":166,"column":4},"end":{"line":169,"column":5}},"type":"if","locations":[{"start":{"line":166,"column":4},"end":{"line":169,"column":5}},{"start":{},"end":{}}],"line":166},"19":{"loc":{"start":{"line":166,"column":8},"end":{"line":166,"column":62}},"type":"binary-expr","locations":[{"start":{"line":166,"column":8},"end":{"line":166,"column":33}},{"start":{"line":166,"column":37},"end":{"line":166,"column":62}}],"line":166},"20":{"loc":{"start":{"line":168,"column":42},"end":{"line":168,"column":64}},"type":"binary-expr","locations":[{"start":{"line":168,"column":42},"end":{"line":168,"column":58}},{"start":{"line":168,"column":62},"end":{"line":168,"column":64}}],"line":168},"21":{"loc":{"start":{"line":177,"column":4},"end":{"line":177,"column":55}},"type":"if","locations":[{"start":{"line":177,"column":4},"end":{"line":177,"column":55}},{"start":{},"end":{}}],"line":177},"22":{"loc":{"start":{"line":178,"column":4},"end":{"line":178,"column":66}},"type":"if","locations":[{"start":{"line":178,"column":4},"end":{"line":178,"column":66}},{"start":{},"end":{}}],"line":178},"23":{"loc":{"start":{"line":179,"column":4},"end":{"line":181,"column":5}},"type":"if","locations":[{"start":{"line":179,"column":4},"end":{"line":181,"column":5}},{"start":{},"end":{}}],"line":179},"24":{"loc":{"start":{"line":185,"column":40},"end":{"line":185,"column":62}},"type":"binary-expr","locations":[{"start":{"line":185,"column":40},"end":{"line":185,"column":56}},{"start":{"line":185,"column":60},"end":{"line":185,"column":62}}],"line":185},"25":{"loc":{"start":{"line":193,"column":4},"end":{"line":193,"column":55}},"type":"if","locations":[{"start":{"line":193,"column":4},"end":{"line":193,"column":55}},{"start":{},"end":{}}],"line":193},"26":{"loc":{"start":{"line":194,"column":4},"end":{"line":194,"column":66}},"type":"if","locations":[{"start":{"line":194,"column":4},"end":{"line":194,"column":66}},{"start":{},"end":{}}],"line":194},"27":{"loc":{"start":{"line":195,"column":4},"end":{"line":195,"column":65}},"type":"if","locations":[{"start":{"line":195,"column":4},"end":{"line":195,"column":65}},{"start":{},"end":{}}],"line":195},"28":{"loc":{"start":{"line":197,"column":54},"end":{"line":197,"column":86}},"type":"cond-expr","locations":[{"start":{"line":197,"column":61},"end":{"line":197,"column":81}},{"start":{"line":197,"column":84},"end":{"line":197,"column":86}}],"line":197},"29":{"loc":{"start":{"line":204,"column":4},"end":{"line":204,"column":55}},"type":"if","locations":[{"start":{"line":204,"column":4},"end":{"line":204,"column":55}},{"start":{},"end":{}}],"line":204},"30":{"loc":{"start":{"line":205,"column":4},"end":{"line":205,"column":66}},"type":"if","locations":[{"start":{"line":205,"column":4},"end":{"line":205,"column":66}},{"start":{},"end":{}}],"line":205},"31":{"loc":{"start":{"line":206,"column":4},"end":{"line":206,"column":85}},"type":"if","locations":[{"start":{"line":206,"column":4},"end":{"line":206,"column":85}},{"start":{},"end":{}}],"line":206},"32":{"loc":{"start":{"line":214,"column":4},"end":{"line":214,"column":53}},"type":"if","locations":[{"start":{"line":214,"column":4},"end":{"line":214,"column":53}},{"start":{},"end":{}}],"line":214},"33":{"loc":{"start":{"line":217,"column":4},"end":{"line":220,"column":5}},"type":"if","locations":[{"start":{"line":217,"column":4},"end":{"line":220,"column":5}},{"start":{},"end":{}}],"line":217},"34":{"loc":{"start":{"line":219,"column":42},"end":{"line":219,"column":64}},"type":"binary-expr","locations":[{"start":{"line":219,"column":42},"end":{"line":219,"column":58}},{"start":{"line":219,"column":62},"end":{"line":219,"column":64}}],"line":219}},"s":{"0":1,"1":1,"2":1,"3":0,"4":0,"5":0,"6":0,"7":0,"8":0,"9":0,"10":0,"11":0,"12":0,"13":0,"14":0,"15":0,"16":0,"17":0,"18":0,"19":0,"20":0,"21":0,"22":0,"23":0,"24":0,"25":0,"26":0,"27":0,"28":0,"29":0,"30":0,"31":0,"32":0,"33":0,"34":0,"35":0,"36":0,"37":0,"38":2,"39":0,"40":0,"41":1,"42":1,"43":1,"44":0,"45":0,"46":0,"47":0,"48":0,"49":0,"50":0,"51":0,"52":0,"53":0,"54":0,"55":0,"56":0,"57":0,"58":0,"59":0,"60":0,"61":0,"62":0,"63":3,"64":3,"65":1,"66":2,"67":2,"68":0,"69":0,"70":2,"71":6,"72":6,"73":1,"74":5,"75":1,"76":4,"77":2,"78":2,"79":2,"80":2,"81":4,"82":4,"83":1,"84":3,"85":1,"86":2,"87":1,"88":1,"89":1,"90":4,"91":4,"92":1,"93":3,"94":1,"95":2,"96":1,"97":1,"98":0,"99":0,"100":0,"101":0,"102":0,"103":0,"104":0,"105":1},"f":{"0":0,"1":0,"2":0,"3":0,"4":0,"5":0,"6":0,"7":2,"8":0,"9":0,"10":0,"11":0,"12":0,"13":3,"14":6,"15":4,"16":4,"17":0},"b":{"0":[0,0],"1":[0,0],"2":[0,0],"3":[0,0],"4":[0,0],"5":[0,0],"6":[0,0],"7":[0,0],"8":[0,0],"9":[0,0],"10":[0,0],"11":[0,0],"12":[0],"13":[0,0],"14":[0,0],"15":[0,0],"16":[0,0],"17":[1,2],"18":[0,2],"19":[2,0],"20":[0,0],"21":[1,5],"22":[1,4],"23":[2,2],"24":[2,0],"25":[1,3],"26":[1,2],"27":[1,1],"28":[1,0],"29":[1,3],"30":[1,2],"31":[1,1],"32":[0,0],"33":[0,0],"34":[0,0]},"_coverageSchema":"1a1c01bbd47fc00a2c39e90264f33305004495a9","hash":"de50457f3bfa24582f97b73a5fa8d24d8dbab948"}
,"C:\\SmartCart\\SmartCart\\services\\UserService.js": {"path":"C:\\SmartCart\\SmartCart\\services\\UserService.js","statementMap":{"0":{"start":{"line":1,"column":20},"end":{"line":1,"column":39}},"1":{"start":{"line":2,"column":20},"end":{"line":2,"column":43}},"2":{"start":{"line":3,"column":20},"end":{"line":3,"column":37}},"3":{"start":{"line":4,"column":20},"end":{"line":4,"column":61}},"4":{"start":{"line":5,"column":20},"end":{"line":5,"column":49}},"5":{"start":{"line":6,"column":21},"end":{"line":6,"column":46}},"6":{"start":{"line":17,"column":20},"end":{"line":17,"column":88}},"7":{"start":{"line":18,"column":25},"end":{"line":18,"column":126}},"8":{"start":{"line":19,"column":25},"end":{"line":19,"column":158}},"9":{"start":{"line":20,"column":4},"end":{"line":20,"column":61}},"10":{"start":{"line":25,"column":4},"end":{"line":27,"column":68}},"11":{"start":{"line":26,"column":6},"end":{"line":26,"column":107}},"12":{"start":{"line":27,"column":18},"end":{"line":27,"column":66}},"13":{"start":{"line":35,"column":21},"end":{"line":35,"column":54}},"14":{"start":{"line":36,"column":4},"end":{"line":36,"column":73}},"15":{"start":{"line":36,"column":18},"end":{"line":36,"column":73}},"16":{"start":{"line":39,"column":27},"end":{"line":39,"column":58}},"17":{"start":{"line":40,"column":17},"end":{"line":40,"column":87}},"18":{"start":{"line":43,"column":4},"end":{"line":43,"column":114}},"19":{"start":{"line":43,"column":72},"end":{"line":43,"column":112}},"20":{"start":{"line":44,"column":4},"end":{"line":44,"column":69}},"21":{"start":{"line":46,"column":4},"end":{"line":46,"column":48}},"22":{"start":{"line":53,"column":17},"end":{"line":53,"column":50}},"23":{"start":{"line":56,"column":4},"end":{"line":59,"column":5}},"24":{"start":{"line":57,"column":6},"end":{"line":57,"column":72}},"25":{"start":{"line":58,"column":6},"end":{"line":58,"column":56}},"26":{"start":{"line":61,"column":19},"end":{"line":61,"column":44}},"27":{"start":{"line":62,"column":4},"end":{"line":62,"column":54}},"28":{"start":{"line":64,"column":4},"end":{"line":67,"column":6}},"29":{"start":{"line":74,"column":17},"end":{"line":74,"column":60}},"30":{"start":{"line":75,"column":4},"end":{"line":75,"column":57}},"31":{"start":{"line":75,"column":15},"end":{"line":75,"column":57}},"32":{"start":{"line":77,"column":19},"end":{"line":77,"column":44}},"33":{"start":{"line":78,"column":4},"end":{"line":78,"column":55}},"34":{"start":{"line":79,"column":4},"end":{"line":79,"column":18}},"35":{"start":{"line":86,"column":4},"end":{"line":86,"column":47}},"36":{"start":{"line":87,"column":4},"end":{"line":87,"column":16}},"37":{"start":{"line":94,"column":17},"end":{"line":94,"column":60}},"38":{"start":{"line":95,"column":4},"end":{"line":95,"column":57}},"39":{"start":{"line":95,"column":15},"end":{"line":95,"column":57}},"40":{"start":{"line":97,"column":19},"end":{"line":97,"column":57}},"41":{"start":{"line":100,"column":4},"end":{"line":103,"column":5}},"42":{"start":{"line":101,"column":23},"end":{"line":101,"column":56}},"43":{"start":{"line":102,"column":6},"end":{"line":102,"column":62}},"44":{"start":{"line":102,"column":20},"end":{"line":102,"column":62}},"45":{"start":{"line":105,"column":20},"end":{"line":105,"column":73}},"46":{"start":{"line":106,"column":4},"end":{"line":106,"column":87}},"47":{"start":{"line":108,"column":4},"end":{"line":108,"column":92}},"48":{"start":{"line":115,"column":17},"end":{"line":115,"column":60}},"49":{"start":{"line":116,"column":4},"end":{"line":116,"column":57}},"50":{"start":{"line":116,"column":15},"end":{"line":116,"column":57}},"51":{"start":{"line":119,"column":20},"end":{"line":119,"column":72}},"52":{"start":{"line":120,"column":4},"end":{"line":120,"column":75}},"53":{"start":{"line":120,"column":18},"end":{"line":120,"column":75}},"54":{"start":{"line":123,"column":4},"end":{"line":123,"column":105}},"55":{"start":{"line":123,"column":32},"end":{"line":123,"column":105}},"56":{"start":{"line":125,"column":19},"end":{"line":125,"column":53}},"57":{"start":{"line":126,"column":4},"end":{"line":126,"column":50}},"58":{"start":{"line":129,"column":4},"end":{"line":129,"column":138}},"59":{"start":{"line":129,"column":96},"end":{"line":129,"column":136}},"60":{"start":{"line":130,"column":4},"end":{"line":130,"column":56}},"61":{"start":{"line":132,"column":4},"end":{"line":132,"column":16}},"62":{"start":{"line":139,"column":17},"end":{"line":139,"column":50}},"63":{"start":{"line":141,"column":4},"end":{"line":141,"column":27}},"64":{"start":{"line":141,"column":15},"end":{"line":141,"column":27}},"65":{"start":{"line":143,"column":24},"end":{"line":143,"column":62}},"66":{"start":{"line":144,"column":24},"end":{"line":144,"column":61}},"67":{"start":{"line":146,"column":4},"end":{"line":146,"column":68}},"68":{"start":{"line":147,"column":4},"end":{"line":147,"column":148}},"69":{"start":{"line":147,"column":106},"end":{"line":147,"column":146}},"70":{"start":{"line":148,"column":4},"end":{"line":148,"column":73}},"71":{"start":{"line":150,"column":4},"end":{"line":150,"column":16}},"72":{"start":{"line":157,"column":17},"end":{"line":157,"column":55}},"73":{"start":{"line":158,"column":4},"end":{"line":158,"column":68}},"74":{"start":{"line":158,"column":15},"end":{"line":158,"column":68}},"75":{"start":{"line":160,"column":4},"end":{"line":160,"column":100}},"76":{"start":{"line":160,"column":32},"end":{"line":160,"column":100}},"77":{"start":{"line":162,"column":19},"end":{"line":162,"column":53}},"78":{"start":{"line":163,"column":4},"end":{"line":163,"column":51}},"79":{"start":{"line":164,"column":4},"end":{"line":164,"column":44}},"80":{"start":{"line":166,"column":4},"end":{"line":166,"column":138}},"81":{"start":{"line":166,"column":96},"end":{"line":166,"column":136}},"82":{"start":{"line":167,"column":4},"end":{"line":167,"column":66}},"83":{"start":{"line":169,"column":4},"end":{"line":169,"column":16}},"84":{"start":{"line":176,"column":17},"end":{"line":176,"column":62}},"85":{"start":{"line":177,"column":4},"end":{"line":177,"column":57}},"86":{"start":{"line":177,"column":15},"end":{"line":177,"column":57}},"87":{"start":{"line":179,"column":4},"end":{"line":179,"column":104}},"88":{"start":{"line":180,"column":4},"end":{"line":180,"column":36}},"89":{"start":{"line":181,"column":4},"end":{"line":181,"column":16}},"90":{"start":{"line":188,"column":4},"end":{"line":188,"column":37}},"91":{"start":{"line":195,"column":17},"end":{"line":195,"column":48}},"92":{"start":{"line":196,"column":4},"end":{"line":196,"column":57}},"93":{"start":{"line":196,"column":15},"end":{"line":196,"column":57}},"94":{"start":{"line":197,"column":4},"end":{"line":197,"column":16}},"95":{"start":{"line":201,"column":0},"end":{"line":201,"column":35}}},"fnMap":{"0":{"name":"(anonymous_0)","decl":{"start":{"line":16,"column":2},"end":{"line":16,"column":3}},"loc":{"start":{"line":16,"column":23},"end":{"line":21,"column":3}},"line":16},"1":{"name":"(anonymous_1)","decl":{"start":{"line":24,"column":2},"end":{"line":24,"column":3}},"loc":{"start":{"line":24,"column":55},"end":{"line":28,"column":3}},"line":24},"2":{"name":"(anonymous_2)","decl":{"start":{"line":33,"column":2},"end":{"line":33,"column":3}},"loc":{"start":{"line":33,"column":63},"end":{"line":47,"column":3}},"line":33},"3":{"name":"(anonymous_3)","decl":{"start":{"line":43,"column":67},"end":{"line":43,"column":68}},"loc":{"start":{"line":43,"column":72},"end":{"line":43,"column":112}},"line":43},"4":{"name":"(anonymous_4)","decl":{"start":{"line":52,"column":2},"end":{"line":52,"column":3}},"loc":{"start":{"line":52,"column":39},"end":{"line":68,"column":3}},"line":52},"5":{"name":"(anonymous_5)","decl":{"start":{"line":73,"column":2},"end":{"line":73,"column":3}},"loc":{"start":{"line":73,"column":33},"end":{"line":80,"column":3}},"line":73},"6":{"name":"(anonymous_6)","decl":{"start":{"line":85,"column":2},"end":{"line":85,"column":3}},"loc":{"start":{"line":85,"column":27},"end":{"line":88,"column":3}},"line":85},"7":{"name":"(anonymous_7)","decl":{"start":{"line":93,"column":2},"end":{"line":93,"column":3}},"loc":{"start":{"line":93,"column":51},"end":{"line":109,"column":3}},"line":93},"8":{"name":"(anonymous_8)","decl":{"start":{"line":114,"column":2},"end":{"line":114,"column":3}},"loc":{"start":{"line":114,"column":69},"end":{"line":133,"column":3}},"line":114},"9":{"name":"(anonymous_9)","decl":{"start":{"line":129,"column":91},"end":{"line":129,"column":92}},"loc":{"start":{"line":129,"column":96},"end":{"line":129,"column":136}},"line":129},"10":{"name":"(anonymous_10)","decl":{"start":{"line":138,"column":2},"end":{"line":138,"column":3}},"loc":{"start":{"line":138,"column":34},"end":{"line":151,"column":3}},"line":138},"11":{"name":"(anonymous_11)","decl":{"start":{"line":147,"column":101},"end":{"line":147,"column":102}},"loc":{"start":{"line":147,"column":106},"end":{"line":147,"column":146}},"line":147},"12":{"name":"(anonymous_12)","decl":{"start":{"line":156,"column":2},"end":{"line":156,"column":3}},"loc":{"start":{"line":156,"column":46},"end":{"line":170,"column":3}},"line":156},"13":{"name":"(anonymous_13)","decl":{"start":{"line":166,"column":91},"end":{"line":166,"column":92}},"loc":{"start":{"line":166,"column":96},"end":{"line":166,"column":136}},"line":166},"14":{"name":"(anonymous_14)","decl":{"start":{"line":175,"column":2},"end":{"line":175,"column":3}},"loc":{"start":{"line":175,"column":42},"end":{"line":182,"column":3}},"line":175},"15":{"name":"(anonymous_15)","decl":{"start":{"line":187,"column":2},"end":{"line":187,"column":3}},"loc":{"start":{"line":187,"column":29},"end":{"line":189,"column":3}},"line":187},"16":{"name":"(anonymous_16)","decl":{"start":{"line":194,"column":2},"end":{"line":194,"column":3}},"loc":{"start":{"line":194,"column":27},"end":{"line":198,"column":3}},"line":194}},"branchMap":{"0":{"loc":{"start":{"line":18,"column":88},"end":{"line":18,"column":123}},"type":"binary-expr","locations":[{"start":{"line":18,"column":88},"end":{"line":18,"column":114}},{"start":{"line":18,"column":118},"end":{"line":18,"column":123}}],"line":18},"1":{"loc":{"start":{"line":19,"column":113},"end":{"line":19,"column":155}},"type":"binary-expr","locations":[{"start":{"line":19,"column":113},"end":{"line":19,"column":147}},{"start":{"line":19,"column":151},"end":{"line":19,"column":155}}],"line":19},"2":{"loc":{"start":{"line":24,"column":30},"end":{"line":24,"column":42}},"type":"default-arg","locations":[{"start":{"line":24,"column":40},"end":{"line":24,"column":42}}],"line":24},"3":{"loc":{"start":{"line":24,"column":44},"end":{"line":24,"column":53}},"type":"default-arg","locations":[{"start":{"line":24,"column":49},"end":{"line":24,"column":53}}],"line":24},"4":{"loc":{"start":{"line":33,"column":42},"end":{"line":33,"column":55}},"type":"default-arg","locations":[{"start":{"line":33,"column":49},"end":{"line":33,"column":55}}],"line":33},"5":{"loc":{"start":{"line":36,"column":4},"end":{"line":36,"column":73}},"type":"if","locations":[{"start":{"line":36,"column":4},"end":{"line":36,"column":73}},{"start":{},"end":{}}],"line":36},"6":{"loc":{"start":{"line":56,"column":4},"end":{"line":59,"column":5}},"type":"if","locations":[{"start":{"line":56,"column":4},"end":{"line":59,"column":5}},{"start":{},"end":{}}],"line":56},"7":{"loc":{"start":{"line":56,"column":8},"end":{"line":56,"column":65}},"type":"binary-expr","locations":[{"start":{"line":56,"column":8},"end":{"line":56,"column":13}},{"start":{"line":56,"column":17},"end":{"line":56,"column":65}}],"line":56},"8":{"loc":{"start":{"line":57,"column":23},"end":{"line":57,"column":39}},"type":"binary-expr","locations":[{"start":{"line":57,"column":23},"end":{"line":57,"column":31}},{"start":{"line":57,"column":35},"end":{"line":57,"column":39}}],"line":57},"9":{"loc":{"start":{"line":75,"column":4},"end":{"line":75,"column":57}},"type":"if","locations":[{"start":{"line":75,"column":4},"end":{"line":75,"column":57}},{"start":{},"end":{}}],"line":75},"10":{"loc":{"start":{"line":95,"column":4},"end":{"line":95,"column":57}},"type":"if","locations":[{"start":{"line":95,"column":4},"end":{"line":95,"column":57}},{"start":{},"end":{}}],"line":95},"11":{"loc":{"start":{"line":100,"column":4},"end":{"line":103,"column":5}},"type":"if","locations":[{"start":{"line":100,"column":4},"end":{"line":103,"column":5}},{"start":{},"end":{}}],"line":100},"12":{"loc":{"start":{"line":100,"column":8},"end":{"line":100,"column":37}},"type":"binary-expr","locations":[{"start":{"line":100,"column":8},"end":{"line":100,"column":13}},{"start":{"line":100,"column":17},"end":{"line":100,"column":37}}],"line":100},"13":{"loc":{"start":{"line":102,"column":6},"end":{"line":102,"column":62}},"type":"if","locations":[{"start":{"line":102,"column":6},"end":{"line":102,"column":62}},{"start":{},"end":{}}],"line":102},"14":{"loc":{"start":{"line":116,"column":4},"end":{"line":116,"column":57}},"type":"if","locations":[{"start":{"line":116,"column":4},"end":{"line":116,"column":57}},{"start":{},"end":{}}],"line":116},"15":{"loc":{"start":{"line":120,"column":4},"end":{"line":120,"column":75}},"type":"if","locations":[{"start":{"line":120,"column":4},"end":{"line":120,"column":75}},{"start":{},"end":{}}],"line":120},"16":{"loc":{"start":{"line":123,"column":4},"end":{"line":123,"column":105}},"type":"if","locations":[{"start":{"line":123,"column":4},"end":{"line":123,"column":105}},{"start":{},"end":{}}],"line":123},"17":{"loc":{"start":{"line":141,"column":4},"end":{"line":141,"column":27}},"type":"if","locations":[{"start":{"line":141,"column":4},"end":{"line":141,"column":27}},{"start":{},"end":{}}],"line":141},"18":{"loc":{"start":{"line":158,"column":4},"end":{"line":158,"column":68}},"type":"if","locations":[{"start":{"line":158,"column":4},"end":{"line":158,"column":68}},{"start":{},"end":{}}],"line":158},"19":{"loc":{"start":{"line":160,"column":4},"end":{"line":160,"column":100}},"type":"if","locations":[{"start":{"line":160,"column":4},"end":{"line":160,"column":100}},{"start":{},"end":{}}],"line":160},"20":{"loc":{"start":{"line":177,"column":4},"end":{"line":177,"column":57}},"type":"if","locations":[{"start":{"line":177,"column":4},"end":{"line":177,"column":57}},{"start":{},"end":{}}],"line":177},"21":{"loc":{"start":{"line":196,"column":4},"end":{"line":196,"column":57}},"type":"if","locations":[{"start":{"line":196,"column":4},"end":{"line":196,"column":57}},{"start":{},"end":{}}],"line":196}},"s":{"0":1,"1":1,"2":1,"3":1,"4":1,"5":1,"6":2,"7":2,"8":2,"9":2,"10":9,"11":9,"12":0,"13":4,"14":4,"15":1,"16":3,"17":3,"18":3,"19":0,"20":3,"21":3,"22":4,"23":4,"24":2,"25":2,"26":2,"27":2,"28":2,"29":0,"30":0,"31":0,"32":0,"33":0,"34":0,"35":0,"36":0,"37":0,"38":0,"39":0,"40":0,"41":0,"42":0,"43":0,"44":0,"45":0,"46":0,"47":0,"48":4,"49":4,"50":1,"51":3,"52":3,"53":1,"54":2,"55":1,"56":1,"57":1,"58":1,"59":0,"60":1,"61":1,"62":0,"63":0,"64":0,"65":0,"66":0,"67":0,"68":0,"69":0,"70":0,"71":0,"72":0,"73":0,"74":0,"75":0,"76":0,"77":0,"78":0,"79":0,"80":0,"81":0,"82":0,"83":0,"84":2,"85":2,"86":1,"87":1,"88":1,"89":1,"90":2,"91":2,"92":2,"93":1,"94":1,"95":1},"f":{"0":2,"1":9,"2":4,"3":0,"4":4,"5":0,"6":0,"7":0,"8":4,"9":0,"10":0,"11":0,"12":0,"13":0,"14":2,"15":2,"16":2},"b":{"0":[2,0],"1":[2,0],"2":[0],"3":[8],"4":[3],"5":[1,3],"6":[2,2],"7":[4,3],"8":[2,1],"9":[0,0],"10":[0,0],"11":[0,0],"12":[0,0],"13":[0,0],"14":[1,3],"15":[1,2],"16":[1,1],"17":[0,0],"18":[0,0],"19":[0,0],"20":[1,1],"21":[1,1]},"_coverageSchema":"1a1c01bbd47fc00a2c39e90264f33305004495a9","hash":"49ca810626f7b1ff182470247b5de8c9dfed2556"}
}
