TN:
SF:middleware\authMiddleware.js
FN:4,(anonymous_0)
FN:26,(anonymous_1)
FN:27,(anonymous_2)
FN:38,(anonymous_3)
FNF:4
FNH:3
FNDA:53,(anonymous_0)
FNDA:12,(anonymous_1)
FNDA:20,(anonymous_2)
FNDA:0,(anonymous_3)
DA:1,2
DA:4,2
DA:6,53
DA:7,44
DA:8,44
DA:9,44
DA:10,42
DA:11,42
DA:14,2
DA:15,1
DA:17,1
DA:20,9
DA:21,9
DA:26,2
DA:27,12
DA:28,20
DA:29,6
DA:33,14
DA:38,2
DA:39,0
DA:40,0
DA:41,0
DA:43,0
DA:44,0
DA:45,0
DA:46,0
DA:48,0
DA:49,0
DA:51,0
DA:55,2
LF:30
LH:20
BRDA:6,0,0,44
BRDA:6,0,1,9
BRDA:14,1,0,1
BRDA:14,1,1,1
BRDA:20,2,0,9
BRDA:20,2,1,0
BRDA:28,3,0,6
BRDA:28,3,1,14
BRDA:28,4,0,20
BRDA:28,4,1,19
BRDA:40,5,0,0
BRDA:40,5,1,0
BRDA:48,6,0,0
BRDA:48,6,1,0
BRF:14
BRH:9
end_of_record
TN:
SF:routes\orderRoutes.js
FN:40,(anonymous_0)
FN:47,(anonymous_1)
FN:56,(anonymous_2)
FN:71,(anonymous_3)
FN:107,(anonymous_4)
FN:118,(anonymous_5)
FN:130,(anonymous_6)
FN:149,(anonymous_7)
FN:168,(anonymous_8)
FN:190,(anonymous_9)
FN:201,(anonymous_10)
FN:250,(anonymous_11)
FN:274,(anonymous_12)
FNF:13
FNH:11
FNDA:12,(anonymous_0)
FNDA:5,(anonymous_1)
FNDA:2,(anonymous_2)
FNDA:6,(anonymous_3)
FNDA:1,(anonymous_4)
FNDA:2,(anonymous_5)
FNDA:5,(anonymous_6)
FNDA:5,(anonymous_7)
FNDA:5,(anonymous_8)
FNDA:0,(anonymous_9)
FNDA:8,(anonymous_10)
FNDA:3,(anonymous_11)
FNDA:0,(anonymous_12)
DA:1,1
DA:2,1
DA:3,1
DA:4,1
DA:5,1
DA:6,1
DA:7,1
DA:8,1
DA:9,1
DA:11,1
DA:13,1
DA:30,1
DA:40,1
DA:41,12
DA:42,12
DA:43,12
DA:44,0
DA:47,1
DA:48,5
DA:56,1
DA:57,2
DA:58,2
DA:66,2
DA:67,0
DA:71,1
DA:72,6
DA:73,6
DA:74,6
DA:75,6
DA:76,5
DA:77,1
DA:79,4
DA:84,4
DA:85,1
DA:87,3
DA:93,3
DA:98,3
DA:99,0
DA:107,1
DA:108,1
DA:109,1
DA:113,1
DA:114,0
DA:118,1
DA:119,2
DA:120,2
DA:125,2
DA:126,0
DA:130,1
DA:131,5
DA:132,5
DA:133,5
DA:134,4
DA:135,3
DA:136,1
DA:138,2
DA:139,0
DA:141,2
DA:142,2
DA:143,2
DA:144,2
DA:145,0
DA:149,1
DA:150,5
DA:151,5
DA:152,5
DA:153,4
DA:154,3
DA:155,1
DA:157,2
DA:158,2
DA:160,1
DA:161,1
DA:162,1
DA:163,1
DA:164,0
DA:168,1
DA:169,5
DA:170,5
DA:171,5
DA:172,4
DA:173,3
DA:174,1
DA:176,2
DA:177,2
DA:179,1
DA:184,1
DA:185,1
DA:186,0
DA:190,1
DA:191,0
DA:192,0
DA:193,0
DA:194,0
DA:195,0
DA:196,0
DA:197,0
DA:201,1
DA:202,8
DA:203,8
DA:205,5
DA:206,5
DA:208,5
DA:209,5
DA:210,5
DA:211,1
DA:212,4
DA:213,1
DA:218,3
DA:225,3
DA:226,3
DA:232,3
DA:235,3
DA:236,3
DA:242,3
DA:244,0
DA:245,0
DA:250,1
DA:251,3
DA:252,3
DA:253,2
DA:254,2
DA:255,2
DA:257,2
DA:258,2
DA:260,2
DA:261,0
DA:262,0
DA:264,0
DA:267,2
DA:268,2
DA:269,2
DA:270,0
DA:274,1
DA:275,0
DA:276,0
DA:277,0
DA:279,0
DA:280,0
DA:281,0
DA:283,0
DA:286,0
DA:287,0
DA:288,0
DA:289,0
DA:292,1
LF:146
LH:113
BRDA:42,0,0,0
BRDA:42,0,1,12
BRDA:43,1,0,12
BRDA:43,1,1,0
BRDA:48,2,0,0
BRDA:48,2,1,5
BRDA:75,3,0,1
BRDA:75,3,1,5
BRDA:76,4,0,1
BRDA:76,4,1,4
BRDA:84,5,0,1
BRDA:84,5,1,3
BRDA:89,6,0,3
BRDA:89,6,1,0
BRDA:98,7,0,1
BRDA:98,7,1,2
BRDA:133,8,0,1
BRDA:133,8,1,4
BRDA:134,9,0,1
BRDA:134,9,1,3
BRDA:135,10,0,1
BRDA:135,10,1,2
BRDA:138,11,0,2
BRDA:138,11,1,0
BRDA:152,12,0,1
BRDA:152,12,1,4
BRDA:153,13,0,1
BRDA:153,13,1,3
BRDA:154,14,0,1
BRDA:154,14,1,2
BRDA:158,15,0,1
BRDA:158,15,1,1
BRDA:160,16,0,1
BRDA:160,16,1,0
BRDA:171,17,0,1
BRDA:171,17,1,4
BRDA:172,18,0,1
BRDA:172,18,1,3
BRDA:173,19,0,1
BRDA:173,19,1,2
BRDA:177,20,0,1
BRDA:177,20,1,1
BRDA:193,21,0,0
BRDA:193,21,1,0
BRDA:194,22,0,0
BRDA:194,22,1,0
BRDA:194,23,0,0
BRDA:194,23,1,0
BRDA:203,24,0,3
BRDA:203,24,1,5
BRDA:210,25,0,1
BRDA:210,25,1,4
BRDA:212,26,0,1
BRDA:212,26,1,3
BRDA:222,27,0,3
BRDA:222,27,1,0
BRDA:252,28,0,1
BRDA:252,28,1,2
BRDA:255,29,0,0
BRDA:255,29,1,2
BRDA:260,30,0,0
BRDA:260,30,1,2
BRDA:260,31,0,2
BRDA:260,31,1,0
BRDA:261,32,0,0
BRDA:261,32,1,0
BRDA:277,33,0,0
BRDA:277,33,1,0
BRDA:279,34,0,0
BRDA:279,34,1,0
BRDA:280,35,0,0
BRDA:280,35,1,0
BRF:72
BRH:48
end_of_record
TN:
SF:services\ProductOrderService.js
FN:11,(anonymous_0)
FN:16,(anonymous_1)
FN:23,(anonymous_2)
FN:31,(anonymous_3)
FN:50,(anonymous_4)
FN:63,(anonymous_5)
FN:75,(anonymous_6)
FN:82,(anonymous_7)
FN:89,(anonymous_8)
FN:104,(anonymous_9)
FN:109,(anonymous_10)
FN:114,(anonymous_11)
FN:126,(anonymous_12)
FN:159,(anonymous_13)
FN:175,(anonymous_14)
FN:191,(anonymous_15)
FN:202,(anonymous_16)
FN:212,(anonymous_17)
FNF:18
FNH:5
FNDA:0,(anonymous_0)
FNDA:0,(anonymous_1)
FNDA:0,(anonymous_2)
FNDA:0,(anonymous_3)
FNDA:0,(anonymous_4)
FNDA:0,(anonymous_5)
FNDA:0,(anonymous_6)
FNDA:2,(anonymous_7)
FNDA:0,(anonymous_8)
FNDA:0,(anonymous_9)
FNDA:0,(anonymous_10)
FNDA:0,(anonymous_11)
FNDA:0,(anonymous_12)
FNDA:3,(anonymous_13)
FNDA:6,(anonymous_14)
FNDA:4,(anonymous_15)
FNDA:4,(anonymous_16)
FNDA:0,(anonymous_17)
DA:4,1
DA:5,1
DA:6,1
DA:12,0
DA:17,0
DA:18,0
DA:19,0
DA:24,0
DA:27,0
DA:32,0
DA:33,0
DA:35,0
DA:37,0
DA:39,0
DA:40,0
DA:41,0
DA:43,0
DA:46,0
DA:51,0
DA:52,0
DA:54,0
DA:55,0
DA:56,0
DA:59,0
DA:64,0
DA:65,0
DA:66,0
DA:67,0
DA:68,0
DA:71,0
DA:76,0
DA:77,0
DA:83,2
DA:84,0
DA:90,0
DA:97,1
DA:98,1
DA:99,1
DA:105,0
DA:110,0
DA:115,0
DA:116,0
DA:119,0
DA:120,0
DA:122,0
DA:128,0
DA:129,0
DA:132,0
DA:135,0
DA:138,0
DA:141,0
DA:142,0
DA:143,0
DA:144,0
DA:153,0
DA:155,0
DA:160,3
DA:161,3
DA:163,2
DA:166,2
DA:167,0
DA:168,0
DA:171,2
DA:176,6
DA:177,6
DA:178,5
DA:179,4
DA:180,2
DA:184,2
DA:185,2
DA:187,2
DA:192,4
DA:193,4
DA:194,3
DA:195,2
DA:197,1
DA:198,1
DA:203,4
DA:204,4
DA:205,3
DA:206,2
DA:208,1
DA:213,0
DA:214,0
DA:217,0
DA:218,0
DA:219,0
DA:222,0
DA:226,1
LF:89
LH:32
BRDA:18,0,0,0
BRDA:18,0,1,0
BRDA:24,1,0,0
BRDA:24,1,1,0
BRDA:33,2,0,0
BRDA:33,2,1,0
BRDA:37,3,0,0
BRDA:37,3,1,0
BRDA:39,4,0,0
BRDA:39,4,1,0
BRDA:41,5,0,0
BRDA:41,5,1,0
BRDA:52,6,0,0
BRDA:52,6,1,0
BRDA:54,7,0,0
BRDA:54,7,1,0
BRDA:56,8,0,0
BRDA:56,8,1,0
BRDA:66,9,0,0
BRDA:66,9,1,0
BRDA:67,10,0,0
BRDA:67,10,1,0
BRDA:84,11,0,0
BRDA:84,11,1,0
BRDA:89,12,0,0
BRDA:116,13,0,0
BRDA:116,13,1,0
BRDA:119,14,0,0
BRDA:119,14,1,0
BRDA:119,15,0,0
BRDA:119,15,1,0
BRDA:143,16,0,0
BRDA:143,16,1,0
BRDA:161,17,0,1
BRDA:161,17,1,2
BRDA:166,18,0,0
BRDA:166,18,1,2
BRDA:166,19,0,2
BRDA:166,19,1,0
BRDA:168,20,0,0
BRDA:168,20,1,0
BRDA:177,21,0,1
BRDA:177,21,1,5
BRDA:178,22,0,1
BRDA:178,22,1,4
BRDA:179,23,0,2
BRDA:179,23,1,2
BRDA:185,24,0,2
BRDA:185,24,1,0
BRDA:193,25,0,1
BRDA:193,25,1,3
BRDA:194,26,0,1
BRDA:194,26,1,2
BRDA:195,27,0,1
BRDA:195,27,1,1
BRDA:197,28,0,1
BRDA:197,28,1,0
BRDA:204,29,0,1
BRDA:204,29,1,3
BRDA:205,30,0,1
BRDA:205,30,1,2
BRDA:206,31,0,1
BRDA:206,31,1,1
BRDA:214,32,0,0
BRDA:214,32,1,0
BRDA:217,33,0,0
BRDA:217,33,1,0
BRDA:219,34,0,0
BRDA:219,34,1,0
BRF:69
BRH:24
end_of_record
TN:
SF:services\UserService.js
FN:10,(anonymous_0)
FN:17,(anonymous_1)
FN:26,(anonymous_2)
FN:39,(anonymous_3)
FN:49,(anonymous_4)
FN:62,(anonymous_5)
FN:84,(anonymous_6)
FN:92,(anonymous_7)
FN:97,(anonymous_8)
FN:112,(anonymous_9)
FN:122,(anonymous_10)
FN:127,(anonymous_11)
FN:135,(anonymous_12)
FN:140,(anonymous_13)
FN:148,(anonymous_14)
FN:153,(anonymous_15)
FN:161,(anonymous_16)
FN:165,(anonymous_17)
FNF:18
FNH:8
FNDA:2,(anonymous_0)
FNDA:10,(anonymous_1)
FNDA:4,(anonymous_2)
FNDA:0,(anonymous_3)
FNDA:2,(anonymous_4)
FNDA:5,(anonymous_5)
FNDA:0,(anonymous_6)
FNDA:0,(anonymous_7)
FNDA:0,(anonymous_8)
FNDA:2,(anonymous_9)
FNDA:0,(anonymous_10)
FNDA:2,(anonymous_11)
FNDA:0,(anonymous_12)
FNDA:0,(anonymous_13)
FNDA:0,(anonymous_14)
FNDA:0,(anonymous_15)
FNDA:0,(anonymous_16)
FNDA:2,(anonymous_17)
DA:1,1
DA:2,1
DA:3,1
DA:4,1
DA:5,1
DA:6,1
DA:11,2
DA:12,2
DA:13,2
DA:14,2
DA:18,10
DA:19,10
DA:20,0
DA:27,4
DA:28,4
DA:30,3
DA:31,3
DA:34,3
DA:35,3
DA:38,3
DA:39,0
DA:41,3
DA:43,3
DA:50,2
DA:51,2
DA:53,1
DA:54,1
DA:56,1
DA:63,5
DA:65,5
DA:66,2
DA:67,2
DA:71,3
DA:72,1
DA:75,2
DA:76,2
DA:78,2
DA:85,0
DA:86,0
DA:87,0
DA:88,0
DA:89,0
DA:93,0
DA:94,0
DA:98,0
DA:99,0
DA:101,0
DA:102,0
DA:103,0
DA:104,0
DA:107,0
DA:108,0
DA:109,0
DA:113,2
DA:114,2
DA:116,2
DA:117,2
DA:118,1
DA:120,1
DA:121,1
DA:122,1
DA:123,1
DA:124,1
DA:128,2
DA:129,2
DA:131,1
DA:132,1
DA:134,1
DA:135,1
DA:136,1
DA:137,1
DA:141,0
DA:142,0
DA:143,0
DA:145,0
DA:146,0
DA:147,0
DA:148,0
DA:149,0
DA:150,0
DA:154,0
DA:155,0
DA:156,0
DA:157,0
DA:158,0
DA:162,0
DA:166,2
DA:167,2
DA:168,1
DA:172,1
LF:90
LH:57
BRDA:12,0,0,2
BRDA:12,0,1,0
BRDA:13,1,0,2
BRDA:13,1,1,0
BRDA:17,2,0,0
BRDA:17,3,0,0
BRDA:26,4,0,3
BRDA:28,5,0,1
BRDA:28,5,1,3
BRDA:51,6,0,1
BRDA:51,6,1,1
BRDA:65,7,0,2
BRDA:65,7,1,3
BRDA:65,8,0,5
BRDA:65,8,1,4
BRDA:66,9,0,2
BRDA:66,9,1,1
BRDA:71,10,0,1
BRDA:71,10,1,2
BRDA:86,11,0,0
BRDA:86,11,1,0
BRDA:99,12,0,0
BRDA:99,12,1,0
BRDA:102,13,0,0
BRDA:102,13,1,0
BRDA:102,14,0,0
BRDA:102,14,1,0
BRDA:104,15,0,0
BRDA:104,15,1,0
BRDA:114,16,0,0
BRDA:114,16,1,2
BRDA:117,17,0,1
BRDA:117,17,1,1
BRDA:118,18,0,0
BRDA:118,18,1,1
BRDA:129,19,0,1
BRDA:129,19,1,1
BRDA:142,20,0,0
BRDA:142,20,1,0
BRDA:143,21,0,0
BRDA:143,21,1,0
BRDA:155,22,0,0
BRDA:155,22,1,0
BRDA:167,23,0,1
BRDA:167,23,1,1
BRF:45
BRH:23
end_of_record
