TN:
SF:middleware\authMiddleware.js
FN:4,(anonymous_0)
FN:26,(anonymous_1)
FN:27,(anonymous_2)
FN:38,(anonymous_3)
FNF:4
FNH:3
FNDA:29,(anonymous_0)
FNDA:10,(anonymous_1)
FNDA:10,(anonymous_2)
FNDA:0,(anonymous_3)
DA:1,2
DA:4,2
DA:6,29
DA:7,24
DA:8,24
DA:9,24
DA:10,22
DA:11,22
DA:14,2
DA:15,1
DA:17,1
DA:20,5
DA:21,5
DA:26,2
DA:27,10
DA:28,10
DA:29,4
DA:33,6
DA:38,2
DA:39,0
DA:40,0
DA:41,0
DA:43,0
DA:44,0
DA:45,0
DA:46,0
DA:48,0
DA:49,0
DA:51,0
DA:55,2
LF:30
LH:20
BRDA:6,0,0,24
BRDA:6,0,1,5
BRDA:14,1,0,1
BRDA:14,1,1,1
BRDA:20,2,0,5
BRDA:20,2,1,0
BRDA:28,3,0,4
BRDA:28,3,1,6
BRDA:28,4,0,10
BRDA:28,4,1,9
BRDA:40,5,0,0
BRDA:40,5,1,0
BRDA:48,6,0,0
BRDA:48,6,1,0
BRF:14
BRH:9
end_of_record
TN:
SF:routes\orderRoutes.js
FN:38,(anonymous_0)
FN:43,(anonymous_1)
FN:57,(anonymous_2)
FN:69,(anonymous_3)
FN:89,(anonymous_4)
FN:108,(anonymous_5)
FN:126,(anonymous_6)
FN:137,(anonymous_7)
FN:191,(anonymous_8)
FN:216,(anonymous_9)
FNF:10
FNH:6
FNDA:5,(anonymous_0)
FNDA:1,(anonymous_1)
FNDA:2,(anonymous_2)
FNDA:5,(anonymous_3)
FNDA:0,(anonymous_4)
FNDA:0,(anonymous_5)
FNDA:0,(anonymous_6)
FNDA:8,(anonymous_7)
FNDA:3,(anonymous_8)
FNDA:0,(anonymous_9)
DA:1,1
DA:2,1
DA:3,1
DA:4,1
DA:5,1
DA:6,1
DA:7,1
DA:8,1
DA:9,1
DA:12,1
DA:14,1
DA:31,1
DA:38,1
DA:39,5
DA:43,1
DA:44,1
DA:45,1
DA:52,1
DA:53,0
DA:57,1
DA:58,2
DA:59,2
DA:64,2
DA:65,0
DA:69,1
DA:70,5
DA:71,5
DA:72,5
DA:73,4
DA:74,3
DA:75,1
DA:77,2
DA:78,0
DA:81,2
DA:82,2
DA:83,2
DA:84,2
DA:85,0
DA:89,1
DA:90,0
DA:91,0
DA:92,0
DA:93,0
DA:94,0
DA:95,0
DA:97,0
DA:98,0
DA:100,0
DA:101,0
DA:102,0
DA:103,0
DA:104,0
DA:108,1
DA:109,0
DA:110,0
DA:111,0
DA:112,0
DA:113,0
DA:114,0
DA:116,0
DA:117,0
DA:119,0
DA:120,0
DA:121,0
DA:122,0
DA:126,1
DA:127,0
DA:128,0
DA:129,0
DA:130,0
DA:131,0
DA:132,0
DA:133,0
DA:137,1
DA:138,8
DA:139,8
DA:141,5
DA:142,5
DA:145,5
DA:146,5
DA:147,5
DA:148,1
DA:149,4
DA:150,1
DA:156,3
DA:164,3
DA:165,3
DA:171,3
DA:175,3
DA:177,3
DA:183,3
DA:185,0
DA:186,0
DA:191,1
DA:192,3
DA:193,3
DA:194,2
DA:195,2
DA:196,2
DA:198,2
DA:199,2
DA:202,2
DA:203,0
DA:204,0
DA:206,0
DA:209,2
DA:210,2
DA:211,2
DA:212,0
DA:216,1
DA:217,0
DA:218,0
DA:219,0
DA:221,0
DA:222,0
DA:223,0
DA:225,0
DA:228,0
DA:229,0
DA:230,0
DA:231,0
DA:234,1
LF:122
LH:69
BRDA:39,0,0,0
BRDA:39,0,1,5
BRDA:72,1,0,1
BRDA:72,1,1,4
BRDA:73,2,0,1
BRDA:73,2,1,3
BRDA:74,3,0,1
BRDA:74,3,1,2
BRDA:77,4,0,2
BRDA:77,4,1,0
BRDA:92,5,0,0
BRDA:92,5,1,0
BRDA:93,6,0,0
BRDA:93,6,1,0
BRDA:94,7,0,0
BRDA:94,7,1,0
BRDA:98,8,0,0
BRDA:98,8,1,0
BRDA:100,9,0,0
BRDA:100,9,1,0
BRDA:111,10,0,0
BRDA:111,10,1,0
BRDA:112,11,0,0
BRDA:112,11,1,0
BRDA:113,12,0,0
BRDA:113,12,1,0
BRDA:117,13,0,0
BRDA:117,13,1,0
BRDA:129,14,0,0
BRDA:129,14,1,0
BRDA:130,15,0,0
BRDA:130,15,1,0
BRDA:130,16,0,0
BRDA:130,16,1,0
BRDA:139,17,0,3
BRDA:139,17,1,5
BRDA:147,18,0,1
BRDA:147,18,1,4
BRDA:149,19,0,1
BRDA:149,19,1,3
BRDA:160,20,0,3
BRDA:160,20,1,0
BRDA:193,21,0,1
BRDA:193,21,1,2
BRDA:196,22,0,0
BRDA:196,22,1,2
BRDA:202,23,0,0
BRDA:202,23,1,2
BRDA:202,24,0,2
BRDA:202,24,1,0
BRDA:203,25,0,0
BRDA:203,25,1,0
BRDA:219,26,0,0
BRDA:219,26,1,0
BRDA:221,27,0,0
BRDA:221,27,1,0
BRDA:222,28,0,0
BRDA:222,28,1,0
BRF:58
BRH:20
end_of_record
TN:
SF:services\ProductOrderService.js
FN:11,(anonymous_0)
FN:16,(anonymous_1)
FN:23,(anonymous_2)
FN:31,(anonymous_3)
FN:50,(anonymous_4)
FN:63,(anonymous_5)
FN:75,(anonymous_6)
FN:82,(anonymous_7)
FN:89,(anonymous_8)
FN:104,(anonymous_9)
FN:109,(anonymous_10)
FN:114,(anonymous_11)
FN:126,(anonymous_12)
FN:159,(anonymous_13)
FN:175,(anonymous_14)
FN:191,(anonymous_15)
FN:202,(anonymous_16)
FN:212,(anonymous_17)
FNF:18
FNH:5
FNDA:0,(anonymous_0)
FNDA:0,(anonymous_1)
FNDA:0,(anonymous_2)
FNDA:0,(anonymous_3)
FNDA:0,(anonymous_4)
FNDA:0,(anonymous_5)
FNDA:0,(anonymous_6)
FNDA:2,(anonymous_7)
FNDA:0,(anonymous_8)
FNDA:0,(anonymous_9)
FNDA:0,(anonymous_10)
FNDA:0,(anonymous_11)
FNDA:0,(anonymous_12)
FNDA:3,(anonymous_13)
FNDA:6,(anonymous_14)
FNDA:4,(anonymous_15)
FNDA:4,(anonymous_16)
FNDA:0,(anonymous_17)
DA:4,1
DA:5,1
DA:6,1
DA:12,0
DA:17,0
DA:18,0
DA:19,0
DA:24,0
DA:27,0
DA:32,0
DA:33,0
DA:35,0
DA:37,0
DA:39,0
DA:40,0
DA:41,0
DA:43,0
DA:46,0
DA:51,0
DA:52,0
DA:54,0
DA:55,0
DA:56,0
DA:59,0
DA:64,0
DA:65,0
DA:66,0
DA:67,0
DA:68,0
DA:71,0
DA:76,0
DA:77,0
DA:83,2
DA:84,0
DA:90,0
DA:97,1
DA:98,1
DA:99,1
DA:105,0
DA:110,0
DA:115,0
DA:116,0
DA:119,0
DA:120,0
DA:122,0
DA:128,0
DA:129,0
DA:132,0
DA:135,0
DA:138,0
DA:141,0
DA:142,0
DA:143,0
DA:144,0
DA:153,0
DA:155,0
DA:160,3
DA:161,3
DA:163,2
DA:166,2
DA:167,0
DA:168,0
DA:171,2
DA:176,6
DA:177,6
DA:178,5
DA:179,4
DA:180,2
DA:184,2
DA:185,2
DA:187,2
DA:192,4
DA:193,4
DA:194,3
DA:195,2
DA:197,1
DA:198,1
DA:203,4
DA:204,4
DA:205,3
DA:206,2
DA:208,1
DA:213,0
DA:214,0
DA:217,0
DA:218,0
DA:219,0
DA:222,0
DA:226,1
LF:89
LH:32
BRDA:18,0,0,0
BRDA:18,0,1,0
BRDA:24,1,0,0
BRDA:24,1,1,0
BRDA:33,2,0,0
BRDA:33,2,1,0
BRDA:37,3,0,0
BRDA:37,3,1,0
BRDA:39,4,0,0
BRDA:39,4,1,0
BRDA:41,5,0,0
BRDA:41,5,1,0
BRDA:52,6,0,0
BRDA:52,6,1,0
BRDA:54,7,0,0
BRDA:54,7,1,0
BRDA:56,8,0,0
BRDA:56,8,1,0
BRDA:66,9,0,0
BRDA:66,9,1,0
BRDA:67,10,0,0
BRDA:67,10,1,0
BRDA:84,11,0,0
BRDA:84,11,1,0
BRDA:89,12,0,0
BRDA:116,13,0,0
BRDA:116,13,1,0
BRDA:119,14,0,0
BRDA:119,14,1,0
BRDA:119,15,0,0
BRDA:119,15,1,0
BRDA:143,16,0,0
BRDA:143,16,1,0
BRDA:161,17,0,1
BRDA:161,17,1,2
BRDA:166,18,0,0
BRDA:166,18,1,2
BRDA:166,19,0,2
BRDA:166,19,1,0
BRDA:168,20,0,0
BRDA:168,20,1,0
BRDA:177,21,0,1
BRDA:177,21,1,5
BRDA:178,22,0,1
BRDA:178,22,1,4
BRDA:179,23,0,2
BRDA:179,23,1,2
BRDA:185,24,0,2
BRDA:185,24,1,0
BRDA:193,25,0,1
BRDA:193,25,1,3
BRDA:194,26,0,1
BRDA:194,26,1,2
BRDA:195,27,0,1
BRDA:195,27,1,1
BRDA:197,28,0,1
BRDA:197,28,1,0
BRDA:204,29,0,1
BRDA:204,29,1,3
BRDA:205,30,0,1
BRDA:205,30,1,2
BRDA:206,31,0,1
BRDA:206,31,1,1
BRDA:214,32,0,0
BRDA:214,32,1,0
BRDA:217,33,0,0
BRDA:217,33,1,0
BRDA:219,34,0,0
BRDA:219,34,1,0
BRF:69
BRH:24
end_of_record
TN:
SF:services\UserService.js
FN:16,(anonymous_0)
FN:24,(anonymous_1)
FN:33,(anonymous_2)
FN:43,(anonymous_3)
FN:52,(anonymous_4)
FN:73,(anonymous_5)
FN:85,(anonymous_6)
FN:93,(anonymous_7)
FN:114,(anonymous_8)
FN:129,(anonymous_9)
FN:138,(anonymous_10)
FN:147,(anonymous_11)
FN:156,(anonymous_12)
FN:166,(anonymous_13)
FN:175,(anonymous_14)
FN:187,(anonymous_15)
FN:194,(anonymous_16)
FNF:17
FNH:8
FNDA:2,(anonymous_0)
FNDA:9,(anonymous_1)
FNDA:4,(anonymous_2)
FNDA:0,(anonymous_3)
FNDA:4,(anonymous_4)
FNDA:0,(anonymous_5)
FNDA:0,(anonymous_6)
FNDA:0,(anonymous_7)
FNDA:4,(anonymous_8)
FNDA:0,(anonymous_9)
FNDA:0,(anonymous_10)
FNDA:0,(anonymous_11)
FNDA:0,(anonymous_12)
FNDA:0,(anonymous_13)
FNDA:2,(anonymous_14)
FNDA:2,(anonymous_15)
FNDA:2,(anonymous_16)
DA:1,1
DA:2,1
DA:3,1
DA:4,1
DA:5,1
DA:6,1
DA:17,2
DA:18,2
DA:19,2
DA:20,2
DA:25,9
DA:26,9
DA:27,0
DA:35,4
DA:36,4
DA:39,3
DA:40,3
DA:43,3
DA:44,3
DA:46,3
DA:53,4
DA:56,4
DA:57,2
DA:58,2
DA:61,2
DA:62,2
DA:64,2
DA:74,0
DA:75,0
DA:77,0
DA:78,0
DA:79,0
DA:86,0
DA:87,0
DA:94,0
DA:95,0
DA:97,0
DA:100,0
DA:101,0
DA:102,0
DA:105,0
DA:106,0
DA:108,0
DA:115,4
DA:116,4
DA:119,3
DA:120,3
DA:123,2
DA:125,1
DA:126,1
DA:129,1
DA:130,1
DA:132,1
DA:139,0
DA:141,0
DA:143,0
DA:144,0
DA:146,0
DA:147,0
DA:148,0
DA:150,0
DA:157,0
DA:158,0
DA:160,0
DA:162,0
DA:163,0
DA:164,0
DA:166,0
DA:167,0
DA:169,0
DA:176,2
DA:177,2
DA:179,1
DA:180,1
DA:181,1
DA:188,2
DA:195,2
DA:196,2
DA:197,1
DA:201,1
LF:80
LH:46
BRDA:18,0,0,2
BRDA:18,0,1,0
BRDA:19,1,0,2
BRDA:19,1,1,0
BRDA:24,2,0,0
BRDA:24,3,0,8
BRDA:33,4,0,3
BRDA:36,5,0,1
BRDA:36,5,1,3
BRDA:56,6,0,2
BRDA:56,6,1,2
BRDA:56,7,0,4
BRDA:56,7,1,3
BRDA:57,8,0,2
BRDA:57,8,1,1
BRDA:75,9,0,0
BRDA:75,9,1,0
BRDA:95,10,0,0
BRDA:95,10,1,0
BRDA:100,11,0,0
BRDA:100,11,1,0
BRDA:100,12,0,0
BRDA:100,12,1,0
BRDA:102,13,0,0
BRDA:102,13,1,0
BRDA:116,14,0,1
BRDA:116,14,1,3
BRDA:120,15,0,1
BRDA:120,15,1,2
BRDA:123,16,0,1
BRDA:123,16,1,1
BRDA:141,17,0,0
BRDA:141,17,1,0
BRDA:158,18,0,0
BRDA:158,18,1,0
BRDA:160,19,0,0
BRDA:160,19,1,0
BRDA:177,20,0,1
BRDA:177,20,1,1
BRDA:196,21,0,1
BRDA:196,21,1,1
BRF:41
BRH:22
end_of_record
